<?xml version="1.0" encoding="UTF-8" ?>
<testsuite errors="0" failures="0" hostname="PcAlvar" name="MainTest" skipped="0" tests="5" time="0.276" timestamp="2025-05-29T23:35:50">
  <properties>
    <property name="javac.test.classpath" value="C:\Users\alvar\Downloads\netbeans-26-bin\netbeans\platform\modules\ext\junit-4.13.2.jar:C:\Users\alvar\Downloads\netbeans-26-bin\netbeans\platform\modules\ext\hamcrest-core-1.3.jar:build/classes:C:\Users\alvar\Downloads\netbeans-26-bin\netbeans\platform\modules\ext\junit-4.13.2.jar" />
    <property name="java.specification.version" value="21" />
    <property name="jar.index.metainf" value="false" />
    <property name="libs.spring-framework500.classpath" value="C:\Users\alvar\Downloads\netbeans-26-bin\netbeans\platform\modules\org-apache-commons-logging.jar;C:\Users\alvar\Downloads\netbeans-26-bin\netbeans\java\modules\ext\cglib-2.2.jar;C:\Users\alvar\Downloads\netbeans-26-bin\netbeans\java\modules\ext\spring-5\spring-aop-5.3.31.jar;C:\Users\alvar\Downloads\netbeans-26-bin\netbeans\java\modules\ext\spring-5\spring-aspects-5.3.31.jar;C:\Users\alvar\Downloads\netbeans-26-bin\netbeans\java\modules\ext\spring-5\spring-beans-5.3.31.jar;C:\Users\alvar\Downloads\netbeans-26-bin\netbeans\java\modules\ext\spring-5\spring-context-5.3.31.jar;C:\Users\alvar\Downloads\netbeans-26-bin\netbeans\java\modules\ext\spring-5\spring-context-indexer-5.3.31.jar;C:\Users\alvar\Downloads\netbeans-26-bin\netbeans\java\modules\ext\spring-5\spring-context-support-5.3.31.jar;C:\Users\alvar\Downloads\netbeans-26-bin\netbeans\java\modules\ext\spring-5\spring-core-5.3.31.jar;C:\Users\alvar\Downloads\netbeans-26-bin\netbeans\java\modules\ext\spring-5\spring-expression-5.3.31.jar;C:\Users\alvar\Downloads\netbeans-26-bin\netbeans\java\modules\ext\spring-5\spring-instrument-5.3.31.jar;C:\Users\alvar\Downloads\netbeans-26-bin\netbeans\java\modules\ext\spring-5\spring-jcl-5.3.31.jar;C:\Users\alvar\Downloads\netbeans-26-bin\netbeans\java\modules\ext\spring-5\spring-jdbc-5.3.31.jar;C:\Users\alvar\Downloads\netbeans-26-bin\netbeans\java\modules\ext\spring-5\spring-jms-5.3.31.jar;C:\Users\alvar\Downloads\netbeans-26-bin\netbeans\java\modules\ext\spring-5\spring-messaging-5.3.31.jar;C:\Users\alvar\Downloads\netbeans-26-bin\netbeans\java\modules\ext\spring-5\spring-orm-5.3.31.jar;C:\Users\alvar\Downloads\netbeans-26-bin\netbeans\java\modules\ext\spring-5\spring-oxm-5.3.31.jar;C:\Users\alvar\Downloads\netbeans-26-bin\netbeans\java\modules\ext\spring-5\spring-test-5.3.31.jar;C:\Users\alvar\Downloads\netbeans-26-bin\netbeans\java\modules\ext\spring-5\spring-tx-5.3.31.jar;C:\Users\alvar\Downloads\netbeans-26-bin\netbeans\java\modules\ext\spring-5\spring-web-5.3.31.jar;C:\Users\alvar\Downloads\netbeans-26-bin\netbeans\java\modules\ext\spring-5\spring-webflux-5.3.31.jar;C:\Users\alvar\Downloads\netbeans-26-bin\netbeans\java\modules\ext\spring-5\spring-webmvc-5.3.31.jar;C:\Users\alvar\Downloads\netbeans-26-bin\netbeans\java\modules\ext\spring-5\spring-websocket-5.3.31.jar" />
    <property name="jnlp.signing.keystore" value="" />
    <property name="test.binaryincludes" value="&lt;nothing&gt;" />
    <property name="do.jlink" value="false" />
    <property name="debug-transport" value="dt_shmem" />
    <property name="libs.javaee-web-api-8.0.src" value="" />
    <property name="java.vendor.url" value="https://java.oracle.com/" />
    <property name="debug.modulepath" value="" />
    <property name="libs.eclipselink.javadoc" value="C:\Users\alvar\Downloads\netbeans-26-bin\netbeans\java\modules\ext\docs\jakarta.persistence-2.2.3-doc.zip" />
    <property name="libs.jsp-compilation.src" value="" />
    <property name="libs.JWSAntTasks.javadoc" value="" />
    <property name="sun.boot.library.path" value="C:\Program Files\Java\jdk-21\bin" />
    <property name="sun.java.command" value="org.apache.tools.ant.taskdefs.optional.junit.JUnitTestRunner MainTest skipNonTests=false filtertrace=true haltOnError=false haltOnFailure=false showoutput=true outputtoformatters=true logfailedtests=true threadid=0 logtestlistenerevents=true formatter=org.apache.tools.ant.taskdefs.optional.junit.BriefJUnitResultFormatter formatter=org.apache.tools.ant.taskdefs.optional.junit.XMLJUnitResultFormatter,C:\Users\alvar\Documents\NetBeansProjects\PruebaArchivos\build\test\results\TEST-MainTest.xml crashfile=C:\Users\alvar\Documents\NetBeansProjects\PruebaArchivos\build\junitvmwatcher16310399070912132391.properties propsfile=C:\Users\alvar\Documents\NetBeansProjects\PruebaArchivos\build\junit4033584498458781441.properties" />
    <property name="jdk.debug" value="release" />
    <property name="javadoc.use" value="true" />
    <property name="javadoc.notree" value="false" />
    <property name="basedir" value="C:\Users\alvar\Documents\NetBeansProjects\PruebaArchivos" />
    <property name="application.vendor" value="alvar" />
    <property name="java.vm.specification.vendor" value="Oracle Corporation" />
    <property name="java.specification.name" value="Java Platform API Specification" />
    <property name="libs.jsf20.classpath" value="C:\Users\alvar\Downloads\netbeans-26-bin\netbeans\enterprise\modules\ext\jsf-2_2\javax.faces.jar" />
    <property name="ant.file.type.PruebaArchivos" value="file" />
    <property name="netbeans.extbrowser.manual_chrome_plugin_install" value="yes" />
    <property name="libs.jakartaee-api-10.0.maven-pom" value="" />
    <property name="libs.spring-framework500.javadoc" value="" />
    <property name="netbeans.default_userdir_root" value="C:\Users\alvar\AppData\Roaming\NetBeans" />
    <property name="libs.jsp-compilation-syscp.src" value="" />
    <property name="jdk.home" value="C:\Program Files\Java\jdk-21" />
    <property name="java.runtime.version" value="21+35-LTS-2513" />
    <property name="libs.eclipselink.maven-pom" value="" />
    <property name="libs.metro.maven-pom" value="" />
    <property name="libs.JAXB-ENDORSED.javadoc" value="" />
    <property name="org.openide.awt.SwingBrowserImpl.do-not-block-awt" value="false" />
    <property name="sun.java2d.noddraw" value="true" />
    <property name="guice.disable.misplaced.annotation.check" value="true" />
    <property name="libs.primefaces.javadoc" value="" />
    <property name="libs.jsp-compilation.javadoc" value="" />
    <property name="libs.groovy-all.maven-pom" value="" />
    <property name="libs.restapi.src" value="" />
    <property name="libs.junit_5.javadoc" value="C:\Users\alvar\Downloads\netbeans-26-bin\netbeans\platform\docs\junit-jupiter-api-5.10.3-javadoc.jar;C:\Users\alvar\Downloads\netbeans-26-bin\netbeans\platform\docs\junit-jupiter-params-5.10.3-javadoc.jar;C:\Users\alvar\Downloads\netbeans-26-bin\netbeans\platform\docs\junit-jupiter-engine-5.10.3-javadoc.jar" />
    <property name="jnlp.enabled" value="false" />
    <property name="libs.jakartaee-api-11.0.maven-pom" value="" />
    <property name="dist.archive.excludes" value="" />
    <property name="java.io.tmpdir" value="C:\Users\alvar\AppData\Local\Temp\" />
    <property name="java.version" value="21" />
    <property name="java.vm.specification.name" value="Java Virtual Machine Specification" />
    <property name="libs.jakartaee-api-8.0.javadoc" value="C:\Users\alvar\Downloads\netbeans-26-bin\netbeans\enterprise\docs\jakartaee8-doc-api.jar" />
    <property name="native.encoding" value="Cp1252" />
    <property name="libs.hamcrest.src" value="" />
    <property name="java.library.path" value="C:\Program Files\Java\jdk-21\bin;C:\Windows\Sun\Java\bin;C:\Windows\system32;C:\Windows;C:\Program Files\Common Files\Oracle\Java\javapath;C:\Windows\system32;C:\Windows;C:\Windows\System32\Wbem;C:\Windows\System32\WindowsPowerShell\v1.0\;C:\Windows\System32\OpenSSH\;C:\Program Files\Docker\Docker\resources\bin;C:\Program Files\Git\cmd;C:\Users\alvar\AppData\Local\Microsoft\WindowsApps;;C:\Users\alvar\AppData\Local\Programs\Microsoft VS Code\bin;." />
    <property name="java.vendor" value="Oracle Corporation" />
    <property name="libs.groovy-all.src" value="" />
    <property name="libs.testng.javadoc" value="C:\Users\alvar\Downloads\netbeans-26-bin\netbeans\platform\docs\testng-6.13.1-javadoc.jar" />
    <property name="meta.inf.dir" value="src/META-INF" />
    <property name="run.upgrademodulepath" value="" />
    <property name="compile.on.save" value="true" />
    <property name="jlink.additionalparam" value="" />
    <property name="libs.testng.maven-pom" value="" />
    <property name="org.openide.version" value="deprecated" />
    <property name="run.classpath" value="C:\Users\alvar\Downloads\netbeans-26-bin\netbeans\platform\modules\ext\junit-4.13.2.jar:C:\Users\alvar\Downloads\netbeans-26-bin\netbeans\platform\modules\ext\hamcrest-core-1.3.jar:build/classes" />
    <property name="libs.jaxb.src" value="" />
    <property name="sun.awt.enableExtraMouseButtons" value="true" />
    <property name="test.src.dir" value="test" />
    <property name="org.openide.major.version" value="IDE/1" />
    <property name="ap.proc.none.internal" value="" />
    <property name="org.openide.specification.version" value="6.2" />
    <property name="user.timezone" value="Europe/Madrid" />
    <property name="jar.index" value="false" />
    <property name="libs.jpa20-persistence.classpath" value="C:\Users\alvar\Downloads\netbeans-26-bin\netbeans\java\modules\ext\eclipselink\jakarta.persistence-2.2.3.jar" />
    <property name="libs.eclipselinkmodelgen.javadoc" value="" />
    <property name="java.vm.specification.version" value="21" />
    <property name="libs.junit_5.classpath" value="C:\Users\alvar\Downloads\netbeans-26-bin\netbeans\platform\modules\ext\junit-jupiter-api-5.10.3.jar;C:\Users\alvar\Downloads\netbeans-26-bin\netbeans\platform\modules\ext\junit-jupiter-params-5.10.3.jar;C:\Users\alvar\Downloads\netbeans-26-bin\netbeans\platform\modules\ext\junit-jupiter-engine-5.10.3.jar" />
    <property name="javadoc.noindex" value="false" />
    <property name="javadoc.private" value="false" />
    <property name="libs.JAXB-ENDORSED.maven-pom" value="" />
    <property name="user.home" value="C:\Users\alvar" />
    <property name="libs.eclipselinkmodelgen.maven-pom" value="" />
    <property name="have.sources" value="true" />
    <property name="annotation.processing.processors.list" value="" />
    <property name="javac.deprecation" value="false" />
    <property name="jlink.launcher" value="true" />
    <property name="manifest.custom.caller.allowable.codebase" value="" />
    <property name="build.generated.sources.dir" value="build/generated-sources" />
    <property name="plugin.manager.check.updates" value="false" />
    <property name="netbeans.autoupdate.language" value="es" />
    <property name="polyglot.engine.WarnInterpreterOnly" value="false" />
    <property name="build.compiler.emacs" value="true" />
    <property name="libs.eclipselinkmodelgen.src" value="" />
    <property name="build.classes.excludes" value="**/*.java,**/*.form" />
    <property name="dist.jar" value="dist/PruebaArchivos.jar" />
    <property name="libs.jakartaee-web-api-9.0.classpath" value="C:\Users\alvar\Downloads\netbeans-26-bin\netbeans\enterprise\modules\ext\jakarta.jakartaee-web-api-9.0.0.jar" />
    <property name="modules.supported.internal" value="true" />
    <property name="libs.jakartaee-web-api-11.0.maven-pom" value="" />
    <property name="libs.javaee-endorsed-api-7.0.javadoc" value="C:\Users\alvar\Downloads\netbeans-26-bin\netbeans\enterprise\docs\javaee-doc-api.jar" />
    <property name="os.version" value="10.0" />
    <property name="jna.nosys" value="false" />
    <property name="netbeans.home" value="C:\Users\alvar\Downloads\netbeans-26-bin\netbeans\platform" />
    <property name="libs.CopyLibs.javadoc" value="" />
    <property name="debug-transport-by-os" value="dt_shmem" />
    <property name="libs.jsf20.src" value="" />
    <property name="libs.javaee-api-8.0.javadoc" value="C:\Users\alvar\Downloads\netbeans-26-bin\netbeans\enterprise\docs\javaee-doc-api.jar" />
    <property name="java.vm.name" value="Java HotSpot(TM) 64-Bit Server VM" />
    <property name="unnamed.module.internal" value="true" />
    <property name="libs.jakartaee-api-10.0.javadoc" value="C:\Users\alvar\Downloads\netbeans-26-bin\netbeans\enterprise\docs\jakartaee10-doc-api.jar" />
    <property name="libs.jstl.javadoc" value="C:\Users\alvar\Downloads\netbeans-26-bin\netbeans\enterprise\docs\javaee-doc-api.jar" />
    <property name="libs.javaee-endorsed-api-7.0.maven-pom" value="" />
    <property name="libs.jaxws21.classpath" value="C:\Users\alvar\Downloads\netbeans-26-bin\netbeans\java\modules\ext\jaxws22\api\jakarta.jws-api.jar;C:\Users\alvar\Downloads\netbeans-26-bin\netbeans\java\modules\ext\jaxws22\api\jakarta.xml.soap-api.jar;C:\Users\alvar\Downloads\netbeans-26-bin\netbeans\java\modules\ext\jaxws22\api\jakarta.xml.ws-api.jar;C:\Users\alvar\Downloads\netbeans-26-bin\netbeans\java\modules\ext\jaxws22\FastInfoset.jar;C:\Users\alvar\Downloads\netbeans-26-bin\netbeans\java\modules\ext\jaxws22\gmbal-api-only.jar;C:\Users\alvar\Downloads\netbeans-26-bin\netbeans\java\modules\ext\jaxws22\ha-api.jar;C:\Users\alvar\Downloads\netbeans-26-bin\netbeans\java\modules\ext\jaxws22\jakarta.mail.jar;C:\Users\alvar\Downloads\netbeans-26-bin\netbeans\java\modules\ext\jaxws22\jaxws-rt.jar;C:\Users\alvar\Downloads\netbeans-26-bin\netbeans\java\modules\ext\jaxws22\jaxws-tools.jar;C:\Users\alvar\Downloads\netbeans-26-bin\netbeans\java\modules\ext\jaxws22\management-api.jar;C:\Users\alvar\Downloads\netbeans-26-bin\netbeans\java\modules\ext\jaxws22\mimepull.jar;C:\Users\alvar\Downloads\netbeans-26-bin\netbeans\java\modules\ext\jaxws22\policy.jar;C:\Users\alvar\Downloads\netbeans-26-bin\netbeans\java\modules\ext\jaxws22\saaj-impl.jar;C:\Users\alvar\Downloads\netbeans-26-bin\netbeans\java\modules\ext\jaxws22\stax-ex.jar;C:\Users\alvar\Downloads\netbeans-26-bin\netbeans\java\modules\ext\jaxws22\stax2-api.jar;C:\Users\alvar\Downloads\netbeans-26-bin\netbeans\java\modules\ext\jaxws22\streambuffer.jar;C:\Users\alvar\Downloads\netbeans-26-bin\netbeans\java\modules\ext\jaxws22\woodstox-core.jar;C:\Users\alvar\Downloads\netbeans-26-bin\netbeans\ide\modules\ext\jaxb\api\jaxb-api.jar;C:\Users\alvar\Downloads\netbeans-26-bin\netbeans\ide\modules\ext\jaxb\activation.jar;C:\Users\alvar\Downloads\netbeans-26-bin\netbeans\ide\modules\ext\jaxb\jaxb-impl.jar;C:\Users\alvar\Downloads\netbeans-26-bin\netbeans\ide\modules\ext\jaxb\jaxb-xjc.jar" />
    <property name="libs.restapi.classpath" value="C:\Users\alvar\Downloads\netbeans-26-bin\netbeans\enterprise\modules\ext\jaxrs-2.1\jakarta.ws.rs-api-2.1.6.jar" />
    <property name="os.arch" value="amd64" />
    <property name="build.generated.dir" value="build/generated" />
    <property name="libs.jakartaee-web-api-11.0.classpath" value="C:\Users\alvar\Downloads\netbeans-26-bin\netbeans\enterprise\modules\ext\jakarta.jakartaee-web-api-11.0.0.jar" />
    <property name="libs.groovy-all.javadoc" value="" />
    <property name="libs.jakartaee-api-8.0.classpath" value="C:\Users\alvar\Downloads\netbeans-26-bin\netbeans\enterprise\modules\ext\jakarta.jakartaee-api-8.0.0.jar" />
    <property name="libs.javaee-web-api-7.0.javadoc" value="C:\Users\alvar\Downloads\netbeans-26-bin\netbeans\enterprise\docs\javaee-doc-api.jar" />
    <property name="libs.javaee-endorsed-api-6.0.src" value="" />
    <property name="jnlp.descriptor" value="application" />
    <property name="libs.javaee-endorsed-api-7.0.classpath" value="C:\Users\alvar\Downloads\netbeans-26-bin\netbeans\enterprise\modules\ext\javaee7-endorsed\javax.annotation-api.jar;C:\Users\alvar\Downloads\netbeans-26-bin\netbeans\enterprise\modules\ext\javaee7-endorsed\javax.xml.soap-api.jar;C:\Users\alvar\Downloads\netbeans-26-bin\netbeans\enterprise\modules\ext\javaee7-endorsed\jaxb-api-osgi.jar;C:\Users\alvar\Downloads\netbeans-26-bin\netbeans\enterprise\modules\ext\javaee7-endorsed\jaxws-api.jar;C:\Users\alvar\Downloads\netbeans-26-bin\netbeans\enterprise\modules\ext\javaee7-endorsed\jsr181-api.jar" />
    <property name="libs.primefaces.maven-pom" value="" />
    <property name="org.netbeans.io.suspend" value="0" />
    <property name="ant.project.name" value="PruebaArchivos" />
    <property name="dist.javadoc.dir" value="dist/javadoc" />
    <property name="default.javac.target" value="21" />
    <property name="javac.fork" value="true" />
    <property name="libs.eclipselink.classpath" value="C:\Users\alvar\Downloads\netbeans-26-bin\netbeans\java\modules\ext\eclipselink\org.eclipse.persistence.core-2.7.12.jar;C:\Users\alvar\Downloads\netbeans-26-bin\netbeans\java\modules\ext\eclipselink\org.eclipse.persistence.asm-9.4.0.jar;C:\Users\alvar\Downloads\netbeans-26-bin\netbeans\java\modules\ext\eclipselink\org.eclipse.persistence.antlr-2.7.12.jar;C:\Users\alvar\Downloads\netbeans-26-bin\netbeans\java\modules\ext\eclipselink\org.eclipse.persistence.jpa-2.7.12.jar;C:\Users\alvar\Downloads\netbeans-26-bin\netbeans\java\modules\ext\eclipselink\org.eclipse.persistence.jpa.jpql-2.7.12.jar;C:\Users\alvar\Downloads\netbeans-26-bin\netbeans\java\modules\ext\eclipselink\org.eclipse.persistence.moxy-2.7.12.jar;C:\Users\alvar\Downloads\netbeans-26-bin\netbeans\java\modules\ext\eclipselink\jakarta.persistence-2.2.3.jar" />
    <property name="libs.PostgreSQLDriver.maven-pom" value="" />
    <property name="libs.absolutelayout.src" value="" />
    <property name="libs.jakartaee-api-11.0.classpath" value="C:\Users\alvar\Downloads\netbeans-26-bin\netbeans\enterprise\modules\ext\jakarta.jakartaee-api-11.0.0.jar" />
    <property name="testng.mode" value="testng" />
    <property name="annotation.processing.enabled.in.editor" value="false" />
    <property name="java.vm.compressedOopsMode" value="Zero based" />
    <property name="netbeans.productversion" value="Apache NetBeans IDE 26" />
    <property name="mkdist.disabled" value="true" />
    <property name="libs.javaee-web-api-6.0.javadoc" value="C:\Users\alvar\Downloads\netbeans-26-bin\netbeans\enterprise\docs\javaee-doc-api.jar" />
    <property name="libs.groovy-all.classpath" value="C:\Users\alvar\Downloads\netbeans-26-bin\netbeans\groovy\modules\ext\groovy-3.0.23.jar;C:\Users\alvar\Downloads\netbeans-26-bin\netbeans\groovy\modules\ext\groovy-ant-3.0.23.jar" />
    <property name="libs.javaee-api-7.0.maven-pom" value="" />
    <property name="libs.absolutelayout.javadoc" value="" />
    <property name="module.build.classes.dir" value="build/classes" />
    <property name="annotation.processing.processor.options" value="" />
    <property name="libs.jaxb.maven-pom" value="" />
    <property name="libs.javaee-api-6.0.maven-pom" value="" />
    <property name="dist.dir" value="dist" />
    <property name="build.dir" value="build" />
    <property name="java.lang.Runtime.level" value="FINE" />
    <property name="libs.graaljs.maven-pom" value="" />
    <property name="netbeans.autoupdate.variant" value="" />
    <property name="javadoc.version" value="false" />
    <property name="libs.metro.classpath" value="C:\Users\alvar\Downloads\netbeans-26-bin\netbeans\ide\modules\ext\jaxb\activation.jar;C:\Users\alvar\Downloads\netbeans-26-bin\netbeans\enterprise\modules\ext\metro\webservices-api.jar;C:\Users\alvar\Downloads\netbeans-26-bin\netbeans\enterprise\modules\ext\metro\webservices-extra-api.jar;C:\Users\alvar\Downloads\netbeans-26-bin\netbeans\enterprise\modules\ext\metro\webservices-extra.jar;C:\Users\alvar\Downloads\netbeans-26-bin\netbeans\enterprise\modules\ext\metro\webservices-rt.jar;C:\Users\alvar\Downloads\netbeans-26-bin\netbeans\enterprise\modules\ext\metro\webservices-tools.jar" />
    <property name="libs.metro.src" value="" />
    <property name="libs.CopyLibs.classpath" value="C:\Users\alvar\Downloads\netbeans-26-bin\netbeans\java\ant\extra\org-netbeans-modules-java-j2seproject-copylibstask.jar" />
    <property name="sun.os.patch.level" value="" />
    <property name="libs.jakartaee-api-11.0.javadoc" value="C:\Users\alvar\Downloads\netbeans-26-bin\netbeans\enterprise\docs\jakartaee11-doc-api.jar" />
    <property name="javadoc.html5" value="false" />
    <property name="javac.test.processorpath" value="C:\Users\alvar\Downloads\netbeans-26-bin\netbeans\platform\modules\ext\junit-4.13.2.jar:C:\Users\alvar\Downloads\netbeans-26-bin\netbeans\platform\modules\ext\hamcrest-core-1.3.jar:build/classes:C:\Users\alvar\Downloads\netbeans-26-bin\netbeans\platform\modules\ext\junit-4.13.2.jar" />
    <property name="libs.javaee-web-api-7.0.maven-pom" value="" />
    <property name="libs.javaee-web-api-8.0.maven-pom" value="" />
    <property name="netbeans.dirs" value="C:\Users\alvar\Downloads\netbeans-26-bin\netbeans\nb;C:\Users\alvar\Downloads\netbeans-26-bin\netbeans\ergonomics;C:\Users\alvar\Downloads\netbeans-26-bin\netbeans\ide;C:\Users\alvar\Downloads\netbeans-26-bin\netbeans\extide;C:\Users\alvar\Downloads\netbeans-26-bin\netbeans\java;C:\Users\alvar\Downloads\netbeans-26-bin\netbeans\apisupport;C:\Users\alvar\Downloads\netbeans-26-bin\netbeans\webcommon;C:\Users\alvar\Downloads\netbeans-26-bin\netbeans\websvccommon;C:\Users\alvar\Downloads\netbeans-26-bin\netbeans\enterprise;C:\Users\alvar\Downloads\netbeans-26-bin\netbeans\mobility;C:\Users\alvar\Downloads\netbeans-26-bin\netbeans\profiler;C:\Users\alvar\Downloads\netbeans-26-bin\netbeans\python;C:\Users\alvar\Downloads\netbeans-26-bin\netbeans\php;C:\Users\alvar\Downloads\netbeans-26-bin\netbeans\identity;C:\Users\alvar\Downloads\netbeans-26-bin\netbeans\harness;C:\Users\alvar\Downloads\netbeans-26-bin\netbeans\cnd;C:\Users\alvar\Downloads\netbeans-26-bin\netbeans\cndext;C:\Users\alvar\Downloads\netbeans-26-bin\netbeans\cpplite;C:\Users\alvar\Downloads\netbeans-26-bin\netbeans\dlight;C:\Users\alvar\Downloads\netbeans-26-bin\netbeans\groovy;C:\Users\alvar\Downloads\netbeans-26-bin\netbeans\extra;C:\Users\alvar\Downloads\netbeans-26-bin\netbeans\javacard;C:\Users\alvar\Downloads\netbeans-26-bin\netbeans\javafx;C:\Users\alvar\Downloads\netbeans-26-bin\netbeans\rust" />
    <property name="libs.hamcrest.maven-pom" value="" />
    <property name="javac.processorpath" value="C:\Users\alvar\Downloads\netbeans-26-bin\netbeans\platform\modules\ext\junit-4.13.2.jar:C:\Users\alvar\Downloads\netbeans-26-bin\netbeans\platform\modules\ext\hamcrest-core-1.3.jar" />
    <property name="libs.javaee-api-6.0.javadoc" value="C:\Users\alvar\Downloads\netbeans-26-bin\netbeans\enterprise\docs\javaee-doc-api.jar" />
    <property name="libs.JWSAntTasks.maven-pom" value="" />
    <property name="run.modulepath" value="" />
    <property name="javac.upgrademodulepath" value="" />
    <property name="jnlp.codebase.type" value="no.codebase" />
    <property name="apple.laf.useScreenMenuBar" value="true" />
    <property name="user.country" value="ES" />
    <property name="sun.java.launcher" value="SUN_STANDARD" />
    <property name="libs.jakartaee-api-9.0.maven-pom" value="" />
    <property name="libs.jpa20-persistence.src" value="" />
    <property name="libs.restapi.javadoc" value="" />
    <property name="ant.file.type.PruebaArchivos-impl" value="file" />
    <property name="endorsed.classpath" value="" />
    <property name="javac.test.sourcepath" value="C:\Users\alvar\Documents\NetBeansProjects\PruebaArchivos\build\empty" />
    <property name="includes" value="**" />
    <property name="libs.hamcrest.classpath" value="C:\Users\alvar\Downloads\netbeans-26-bin\netbeans\platform\modules\ext\hamcrest-core-1.3.jar" />
    <property name="javadoc.splitindex" value="true" />
    <property name="libs.JWSAntTasks.classpath" value="C:\Users\alvar\Downloads\netbeans-26-bin\netbeans\java\ant\extra\org-netbeans-modules-javawebstart-anttasks.jar" />
    <property name="junit.available" value="true" />
    <property name="javac.processormodulepath" value="" />
    <property name="manifest.custom.application.library.allowable.codebase" value="" />
    <property name="javadoc.encoding" value="UTF-8" />
    <property name="libs.jakartaee-api-11.0.src" value="" />
    <property name="netbeans.hash.code" value="unique=03014f12e-609f-4e40-b904-8e31f1b451be_9cd72100-a8f2-48dd-a4c7-6deab21b1aef" />
    <property name="libs.jsp-compilation-syscp.maven-pom" value="" />
    <property name="libs.jstl.src" value="" />
    <property name="jlink.strip" value="false" />
    <property name="ant.file.PruebaArchivos" value="C:\Users\alvar\Documents\NetBeansProjects\PruebaArchivos\build.xml" />
    <property name="java.runtime.name" value="Java(TM) SE Runtime Environment" />
    <property name="libs.jaxb.javadoc" value="C:\Users\alvar\Downloads\netbeans-26-bin\netbeans\ide\docs\jaxb-api-doc.jar" />
    <property name="libs.spring-framework500.maven-pom" value="" />
    <property name="run.jvmargs.ide" value="" />
    <property name="ant.core.lib" value="C:\Users\alvar\Downloads\netbeans-26-bin\netbeans\extide\ant\lib\ant.jar" />
    <property name="libs.jsp-compilation.maven-pom" value="" />
    <property name="javac.profile.cmd.line.arg" value="" />
    <property name="libs.jakartaee-web-api-11.0.src" value="" />
    <property name="libs.jakartaee-api-9.0.classpath" value="C:\Users\alvar\Downloads\netbeans-26-bin\netbeans\enterprise\modules\ext\jakarta.jakartaee-api-9.0.0.jar" />
    <property name="application.title" value="PruebaArchivos" />
    <property name="do.archive+main.class.available" value="true" />
    <property name="libs.jakartaee-api-10.0.src" value="" />
    <property name="javac.test.modulepath" value="" />
    <property name="ignore.failing.tests" value="true" />
    <property name="libs.PostgreSQLDriver.javadoc" value="" />
    <property name="libs.jsp-compilation-syscp.classpath" value="C:\Users\alvar\Downloads\netbeans-26-bin\netbeans\extide\ant\lib\ant.jar;C:\Users\alvar\Downloads\netbeans-26-bin\netbeans\enterprise\modules\ext\servlet4.0-jsp2.3-api.jar;C:\Users\alvar\Downloads\netbeans-26-bin\netbeans\enterprise\modules\ext\glassfish-jspparser-5.1.0.jar;C:\Users\alvar\Downloads\netbeans-26-bin\netbeans\enterprise\modules\ext\jstl-impl.jar;C:\Users\alvar\Downloads\netbeans-26-bin\netbeans\enterprise\modules\ext\jsf-2_2\javax.faces.jar" />
    <property name="libs.jsp-compilation.classpath" value="C:\Users\alvar\Downloads\netbeans-26-bin\netbeans\extide\ant\lib\ant.jar;C:\Users\alvar\Downloads\netbeans-26-bin\netbeans\enterprise\modules\ext\servlet4.0-jsp2.3-api.jar;C:\Users\alvar\Downloads\netbeans-26-bin\netbeans\enterprise\modules\ext\glassfish-jspparser-5.1.0.jar;C:\Users\alvar\Downloads\netbeans-26-bin\netbeans\enterprise\modules\ext\jsf-2_2\javax.faces.jar;C:\Users\alvar\Downloads\netbeans-26-bin\netbeans\enterprise\modules\ext\jstl-api.jar;C:\Users\alvar\Downloads\netbeans-26-bin\netbeans\extide\ant\lib\ant-launcher.jar" />
    <property name="org.apache.commons.logging.Log" value="org.apache.commons.logging.impl.Jdk14Logger" />
    <property name="libs.javaee-api-6.0.classpath" value="C:\Users\alvar\Downloads\netbeans-26-bin\netbeans\enterprise\modules\ext\javaee-api-6.0.jar" />
    <property name="libs.javaee-api-7.0.classpath" value="C:\Users\alvar\Downloads\netbeans-26-bin\netbeans\enterprise\modules\ext\javaee-api-7.0.jar" />
    <property name="sun.cpu.isalist" value="amd64" />
    <property name="libs.restapi.maven-pom" value="" />
    <property name="javadoc.preview" value="true" />
    <property name="do.depend" value="false" />
    <property name="libs.jakartaee-web-api-10.0.src" value="" />
    <property name="jnlp.signing.alias" value="" />
    <property name="sun.arch.data.model" value="64" />
    <property name="libs.jakartaee-web-api-9.0.maven-pom" value="" />
    <property name="libs.javaee-endorsed-api-7.0.src" value="" />
    <property name="annotation.processing.enabled" value="true" />
    <property name="libs.junit_5.src" value="C:\Users\alvar\Downloads\netbeans-26-bin\netbeans\platform\docs\junit-jupiter-api-5.10.3-sources.jar;C:\Users\alvar\Downloads\netbeans-26-bin\netbeans\platform\docs\junit-jupiter-params-5.10.3-sources.jar;C:\Users\alvar\Downloads\netbeans-26-bin\netbeans\platform\docs\junit-jupiter-engine-5.10.3-sources.jar" />
    <property name="libs.jaxb.classpath" value="C:\Users\alvar\Downloads\netbeans-26-bin\netbeans\ide\modules\ext\jaxb\jaxb-impl.jar;C:\Users\alvar\Downloads\netbeans-26-bin\netbeans\ide\modules\ext\jaxb\jaxb-xjc.jar;C:\Users\alvar\Downloads\netbeans-26-bin\netbeans\ide\modules\ext\jaxb\activation.jar;C:\Users\alvar\Downloads\netbeans-26-bin\netbeans\ide\modules\ext\jaxb\api\jaxb-api.jar" />
    <property name="libs.javaee-api-8.0.classpath" value="C:\Users\alvar\Downloads\netbeans-26-bin\netbeans\enterprise\modules\ext\javaee-api-8.0.jar" />
    <property name="libs.CopyLibs.src" value="" />
    <property name="javac.source" value="21" />
    <property name="java.specification.vendor" value="Oracle Corporation" />
    <property name="java.version.date" value="2023-09-19" />
    <property name="java.home" value="C:\Program Files\Java\jdk-21" />
    <property name="work.dir" value="C:\Users\alvar\Documents\NetBeansProjects\PruebaArchivos" />
    <property name="javac.test.compilerargs" value="" />
    <property name="jna.boot.library.name" value="jnidispatch-nb" />
    <property name="libs.PostgreSQLDriver.classpath" value="C:\Users\alvar\Downloads\netbeans-26-bin\netbeans\ide\modules\ext\postgresql-42.5.4.jar" />
    <property name="libs.graaljs.javadoc" value="" />
    <property name="libs.JAXB-ENDORSED.src" value="" />
    <property name="manifest.encoding" value="UTF-8" />
    <property name="user.script" value="" />
    <property name="manifest.custom.permissions" value="" />
    <property name="sun.management.compiler" value="HotSpot 64-Bit Tiered Compilers" />
    <property name="run.test.modulepath" value="" />
    <property name="libs.graaljs.classpath" value="C:\Users\alvar\Downloads\netbeans-26-bin\netbeans\webcommon\modules\ext\js-launcher-24.0.0.jar;C:\Users\alvar\Downloads\netbeans-26-bin\netbeans\webcommon\modules\ext\js-language-24.0.0.jar;C:\Users\alvar\Downloads\netbeans-26-bin\netbeans\webcommon\modules\ext\js-scriptengine-24.0.0.jar;C:\Users\alvar\Downloads\netbeans-26-bin\netbeans\webcommon\modules\ext\regex-24.0.0.jar;C:\Users\alvar\Downloads\netbeans-26-bin\netbeans\webcommon\modules\ext\icu4j-24.0.0.jar;C:\Users\alvar\Downloads\netbeans-26-bin\netbeans\ide\modules\ext\collections-24.0.0.jar;C:\Users\alvar\Downloads\netbeans-26-bin\netbeans\ide\modules\ext\jline-24.0.0.jar;C:\Users\alvar\Downloads\netbeans-26-bin\netbeans\ide\modules\ext\jniutils-24.0.0.jar;C:\Users\alvar\Downloads\netbeans-26-bin\netbeans\ide\modules\ext\launcher-common-24.0.0.jar;C:\Users\alvar\Downloads\netbeans-26-bin\netbeans\ide\modules\ext\nativeimage-24.0.0.jar;C:\Users\alvar\Downloads\netbeans-26-bin\netbeans\ide\modules\ext\polyglot-24.0.0.jar;C:\Users\alvar\Downloads\netbeans-26-bin\netbeans\ide\modules\ext\word-24.0.0.jar;C:\Users\alvar\Downloads\netbeans-26-bin\netbeans\ide\modules\ext\truffle-api-24.0.0.jar;C:\Users\alvar\Downloads\netbeans-26-bin\netbeans\ide\modules\ext\truffle-compiler-24.0.0.jar;C:\Users\alvar\Downloads\netbeans-26-bin\netbeans\ide\modules\ext\truffle-runtime-24.0.0.jar" />
    <property name="libs.javaee-web-api-6.0.classpath" value="C:\Users\alvar\Downloads\netbeans-26-bin\netbeans\enterprise\modules\ext\javaee-web-api-6.0.jar" />
    <property name="libs.jsp-compiler.javadoc" value="" />
    <property name="debug.test.modulepath" value="" />
    <property name="libs.javaee-web-api-7.0.classpath" value="C:\Users\alvar\Downloads\netbeans-26-bin\netbeans\enterprise\modules\ext\javaee-web-api-7.0.jar" />
    <property name="file.encoding" value="UTF-8" />
    <property name="java.util.logging.config.class" value="org.netbeans.core.startup.TopLogging" />
    <property name="libs.restlib.javadoc" value="" />
    <property name="libs.absolutelayout.classpath" value="C:\Users\alvar\Downloads\netbeans-26-bin\netbeans\java\modules\ext\AbsoluteLayout.jar" />
    <property name="do.archive" value="true" />
    <property name="built-jar.properties" value="C:\Users\alvar\Documents\NetBeansProjects\PruebaArchivos\build\built-jar.properties" />
    <property name="nb.native.filechooser" value="false" />
    <property name="libs.testng.src" value="" />
    <property name="libs.javaee-web-api-8.0.classpath" value="C:\Users\alvar\Downloads\netbeans-26-bin\netbeans\enterprise\modules\ext\javaee-web-api-8.0.jar" />
    <property name="platform.active" value="default_platform" />
    <property name="stderr.encoding" value="Cp1252" />
    <property name="sun.io.unicode.encoding" value="UnicodeLittle" />
    <property name="default.javac.source" value="21" />
    <property name="libs.javaee-web-api-8.0.javadoc" value="C:\Users\alvar\Downloads\netbeans-26-bin\netbeans\enterprise\docs\javaee-doc-api.jar" />
    <property name="netbeans.dynamic.classpath" value="C:\Users\alvar\Downloads\netbeans-26-bin\netbeans\platform\core\asm-9.8.jar;C:\Users\alvar\Downloads\netbeans-26-bin\netbeans\platform\core\asm-commons-9.8.jar;C:\Users\alvar\Downloads\netbeans-26-bin\netbeans\platform\core\asm-tree-9.8.jar;C:\Users\alvar\Downloads\netbeans-26-bin\netbeans\platform\core\core-base.jar;C:\Users\alvar\Downloads\netbeans-26-bin\netbeans\platform\core\core.jar;C:\Users\alvar\Downloads\netbeans-26-bin\netbeans\platform\core\org-netbeans-libs-asm.jar;C:\Users\alvar\Downloads\netbeans-26-bin\netbeans\platform\core\org-openide-filesystems-compat8.jar;C:\Users\alvar\Downloads\netbeans-26-bin\netbeans\platform\core\org-openide-filesystems.jar;C:\Users\alvar\Downloads\netbeans-26-bin\netbeans\nb\core\org-netbeans-upgrader.jar;C:\Users\alvar\Downloads\netbeans-26-bin\netbeans\nb\core\locale\core_nb.jar" />
    <property name="flatlaf.nativeLibraryPath" value="system" />
    <property name="libs.eclipselinkmodelgen.classpath" value="C:\Users\alvar\Downloads\netbeans-26-bin\netbeans\java\modules\ext\eclipselink\org.eclipse.persistence.jpa.modelgen.processor-2.7.12.jar" />
    <property name="truffle.UseFallbackRuntime" value="true" />
    <property name="javac.systemmodulepath.cmd.line.arg" value="" />
    <property name="netbeans.buildnumber" value="26-81d21190648c8a1bae92bc9cdb0bb9783ae4912f" />
    <property name="endorsed.classpath.cmd.line.arg" value="" />
    <property name="libs.jpa20-persistence.maven-pom" value="" />
    <property name="build.sysclasspath" value="ignore" />
    <property name="os.name" value="Windows 11" />
    <property name="libs.CopyLibs.maven-pom" value="" />
    <property name="libs.jakartaee-api-8.0.maven-pom" value="" />
    <property name="jdkBug6558476" value="false" />
    <property name="javadoc.author" value="false" />
    <property name="main.class" value="Main" />
    <property name="libs.jsp-compilation-syscp.javadoc" value="" />
    <property name="source.encoding" value="UTF-8" />
    <property name="jar.compress" value="false" />
    <property name="libs.javaee-api-7.0.javadoc" value="C:\Users\alvar\Downloads\netbeans-26-bin\netbeans\enterprise\docs\javaee-doc-api.jar" />
    <property name="flatlaf.updateUIOnSystemFontChange" value="false" />
    <property name="libs.spring-webmvc5.0.src" value="" />
    <property name="jnlp.mixed.code" value="default" />
    <property name="libs.jsf20.maven-pom" value="" />
    <property name="libs.restlib.classpath" value="C:\Users\alvar\Downloads\netbeans-26-bin\netbeans\enterprise\modules\ext\jersey2\jakarta.annotation-api-2.1.1.jar;C:\Users\alvar\Downloads\netbeans-26-bin\netbeans\enterprise\modules\ext\jersey2\jakarta.persistence-api-2.2.3.jar;C:\Users\alvar\Downloads\netbeans-26-bin\netbeans\enterprise\modules\ext\jersey2\jakarta.servlet-api-4.0.4.jar;C:\Users\alvar\Downloads\netbeans-26-bin\netbeans\enterprise\modules\ext\jersey2\jakarta.validation-api-2.0.2.jar;C:\Users\alvar\Downloads\netbeans-26-bin\netbeans\enterprise\modules\ext\jersey2\jakarta.xml.bind-api-2.3.3.jar;C:\Users\alvar\Downloads\netbeans-26-bin\netbeans\enterprise\modules\ext\jersey2\jersey-client-2.35.jar;C:\Users\alvar\Downloads\netbeans-26-bin\netbeans\enterprise\modules\ext\jersey2\jersey-common-2.35.jar;C:\Users\alvar\Downloads\netbeans-26-bin\netbeans\enterprise\modules\ext\jersey2\jersey-server-2.35.jar;C:\Users\alvar\Downloads\netbeans-26-bin\netbeans\enterprise\modules\ext\jersey2\jersey-entity-filtering-2.35.jar;C:\Users\alvar\Downloads\netbeans-26-bin\netbeans\enterprise\modules\ext\jersey2\jersey-hk2-2.35.jar;C:\Users\alvar\Downloads\netbeans-26-bin\netbeans\enterprise\modules\ext\jersey2\jersey-media-moxy-2.35.jar;C:\Users\alvar\Downloads\netbeans-26-bin\netbeans\enterprise\modules\ext\jersey2\jersey-container-servlet-2.35.jar;C:\Users\alvar\Downloads\netbeans-26-bin\netbeans\enterprise\modules\ext\jersey2\jersey-container-servlet-core-2.35.jar;C:\Users\alvar\Downloads\netbeans-26-bin\netbeans\enterprise\modules\ext\jersey2\hk2-api-2.6.1.jar;C:\Users\alvar\Downloads\netbeans-26-bin\netbeans\enterprise\modules\ext\jersey2\hk2-locator-2.6.1.jar;C:\Users\alvar\Downloads\netbeans-26-bin\netbeans\enterprise\modules\ext\jersey2\hk2-utils-2.6.1.jar;C:\Users\alvar\Downloads\netbeans-26-bin\netbeans\platform\modules\ext\jersey2\jakarta.inject-2.6.1.jar;C:\Users\alvar\Downloads\netbeans-26-bin\netbeans\enterprise\modules\ext\jersey2\aopalliance-repackaged-2.6.1.jar;C:\Users\alvar\Downloads\netbeans-26-bin\netbeans\enterprise\modules\ext\jersey2\osgi.core-8.0.0.jar;C:\Users\alvar\Downloads\netbeans-26-bin\netbeans\enterprise\modules\ext\jersey2\osgi-resource-locator-1.0.3.jar;C:\Users\alvar\Downloads\netbeans-26-bin\netbeans\java\modules\ext\eclipselink\org.eclipse.persistence.core-2.7.12.jar;C:\Users\alvar\Downloads\netbeans-26-bin\netbeans\java\modules\ext\eclipselink\org.eclipse.persistence.asm-9.4.0.jar;C:\Users\alvar\Downloads\netbeans-26-bin\netbeans\java\modules\ext\eclipselink\org.eclipse.persistence.antlr-2.7.12.jar;C:\Users\alvar\Downloads\netbeans-26-bin\netbeans\java\modules\ext\eclipselink\org.eclipse.persistence.jpa-2.7.12.jar;C:\Users\alvar\Downloads\netbeans-26-bin\netbeans\java\modules\ext\eclipselink\org.eclipse.persistence.jpa.jpql-2.7.12.jar;C:\Users\alvar\Downloads\netbeans-26-bin\netbeans\java\modules\ext\eclipselink\org.eclipse.persistence.moxy-2.7.12.jar" />
    <property name="libs.jakartaee-web-api-8.0.javadoc" value="C:\Users\alvar\Downloads\netbeans-26-bin\netbeans\enterprise\docs\jakartaee8-doc-api.jar" />
    <property name="libs.graaljs.src" value="" />
    <property name="run.jvmargs" value="" />
    <property name="libs.primefaces.src" value="" />
    <property name="ant.file" value="C:\Users\alvar\Documents\NetBeansProjects\PruebaArchivos\build.xml" />
    <property name="stdout.encoding" value="Cp1252" />
    <property name="path.separator" value=";" />
    <property name="libs.JAXB-ENDORSED.classpath" value="C:\Users\alvar\Downloads\netbeans-26-bin\netbeans\ide\modules\ext\jaxb\api\jaxb-api.jar" />
    <property name="libs.restlib.src" value="" />
    <property name="build.test.results.dir" value="build/test/results" />
    <property name="libs.jaxws21.javadoc" value="C:\Users\alvar\Downloads\netbeans-26-bin\netbeans\java\docs\jaxws-api-doc.zip" />
    <property name="libs.javaee-endorsed-api-6.0.javadoc" value="C:\Users\alvar\Downloads\netbeans-26-bin\netbeans\enterprise\docs\javaee-doc-api.jar" />
    <property name="ap.processors.internal" value="" />
    <property name="module.name" value="" />
    <property name="libs.spring-webmvc5.0.javadoc" value="" />
    <property name="libs.hamcrest.javadoc" value="" />
    <property name="do.jar" value="true" />
    <property name="java.vm.info" value="mixed mode, sharing" />
    <property name="libs.primefaces.classpath" value="C:\Users\alvar\Downloads\netbeans-26-bin\netbeans\enterprise\modules\ext\primefaces\primefaces-5.0.jar" />
    <property name="libs.jaxws21.maven-pom" value="" />
    <property name="run.test.classpath" value="C:\Users\alvar\Downloads\netbeans-26-bin\netbeans\platform\modules\ext\junit-4.13.2.jar:C:\Users\alvar\Downloads\netbeans-26-bin\netbeans\platform\modules\ext\hamcrest-core-1.3.jar:build/classes:C:\Users\alvar\Downloads\netbeans-26-bin\netbeans\platform\modules\ext\junit-4.13.2.jar:build/test/classes:C:\Users\alvar\Downloads\netbeans-26-bin\netbeans\platform\modules\ext\junit-4.13.2.jar" />
    <property name="dist.jlink.output" value="dist/jlink/PruebaArchivos" />
    <property name="java.class.version" value="65.0" />
    <property name="javadoc.encoding.used" value="UTF-8" />
    <property name="src.dir" value="src" />
    <property name="debug.classpath" value="C:\Users\alvar\Downloads\netbeans-26-bin\netbeans\platform\modules\ext\junit-4.13.2.jar:C:\Users\alvar\Downloads\netbeans-26-bin\netbeans\platform\modules\ext\hamcrest-core-1.3.jar:build/classes" />
    <property name="ant.project.default-target" value="default" />
    <property name="excludes" value="" />
    <property name="libs.javaee-api-7.0.src" value="" />
    <property name="sun.jnu.encoding" value="Cp1252" />
    <property name="libs.junit_4.javadoc" value="C:\Users\alvar\Downloads\netbeans-26-bin\netbeans\platform\docs\junit-4.13.2-javadoc.jar" />
    <property name="run.test.jvmargs" value="" />
    <property name="jnlp.offline-allowed" value="false" />
    <property name="sun.java2d.dpiaware" value="true" />
    <property name="main.class.available" value="true" />
    <property name="libs.jsf20.javadoc" value="C:\Users\alvar\Downloads\netbeans-26-bin\netbeans\enterprise\docs\javaee-doc-api.jar" />
    <property name="netbeans.importclass" value="org.netbeans.upgrade.AutoUpgrade" />
    <property name="jar.archive.disabled" value="false" />
    <property name="netbeans.autoupdate.version" value="1.23" />
    <property name="empty.dir" value="C:\Users\alvar\Documents\NetBeansProjects\PruebaArchivos\build\empty" />
    <property name="libs.jakartaee-api-10.0.classpath" value="C:\Users\alvar\Downloads\netbeans-26-bin\netbeans\enterprise\modules\ext\jakarta.jakartaee-api-10.0.0.jar" />
    <property name="netbeans.user" value="C:\Users\alvar\AppData\Roaming\NetBeans\26" />
    <property name="file.separator" value="\" />
    <property name="line.separator" value="&#xd;&#xa;" />
    <property name="javadoc.additionalparam" value="" />
    <property name="jnlp.signed" value="false" />
    <property name="libs.spring-webmvc5.0.classpath" value="C:\Users\alvar\Downloads\netbeans-26-bin\netbeans\java\modules\ext\spring-5\spring-webmvc-5.3.31.jar" />
    <property name="org.apache.commons.logging.LogFactory" value="org.apache.commons.logging.impl.LogFactoryImpl" />
    <property name="javac.debug" value="true" />
    <property name="libs.restlib.maven-pom" value="" />
    <property name="libs.testng.classpath" value="C:\Users\alvar\Downloads\netbeans-26-bin\netbeans\platform\modules\ext\testng-6.14.3.jar;C:\Users\alvar\Downloads\netbeans-26-bin\netbeans\platform\modules\ext\jcommander-1.78.jar" />
    <property name="libs.jsp-compiler.src" value="" />
    <property name="user.name" value="alvar" />
    <property name="build.classes.dir" value="build/classes" />
    <property name="javadoc.windowtitle" value="" />
    <property name="nb.junit.single" value="false" />
    <property name="nb.internal.action.name" value="test" />
    <property name="libs.javaee-api-8.0.maven-pom" value="" />
    <property name="libs.jaxws21.src" value="" />
    <property name="libs.jakartaee-web-api-9.0.javadoc" value="C:\Users\alvar\Downloads\netbeans-26-bin\netbeans\enterprise\docs\jakartaee9-doc-api.jar" />
    <property name="apple.awt.application.appearance" value="system" />
    <property name="jna.loaded" value="true" />
    <property name="libs.junit_5.maven-pom" value="" />
    <property name="libs.jpa20-persistence.javadoc" value="C:\Users\alvar\Downloads\netbeans-26-bin\netbeans\java\modules\ext\docs\jakarta.persistence-2.2.3-doc.zip" />
    <property name="ant.junit.enabletestlistenerevents" value="true" />
    <property name="libs.JWSAntTasks.src" value="" />
    <property name="ant.home" value="C:\Users\alvar\Downloads\netbeans-26-bin\netbeans\extide\ant" />
    <property name="debug.test.classpath" value="C:\Users\alvar\Downloads\netbeans-26-bin\netbeans\platform\modules\ext\junit-4.13.2.jar:C:\Users\alvar\Downloads\netbeans-26-bin\netbeans\platform\modules\ext\hamcrest-core-1.3.jar:build/classes:C:\Users\alvar\Downloads\netbeans-26-bin\netbeans\platform\modules\ext\junit-4.13.2.jar:build/test/classes:C:\Users\alvar\Downloads\netbeans-26-bin\netbeans\platform\modules\ext\junit-4.13.2.jar" />
    <property name="have.tests" value="true" />
    <property name="javac.external.vm" value="true" />
    <property name="testng.debug.mode" value="" />
    <property name="javac.target" value="21" />
    <property name="jnlp.signing" value="" />
    <property name="ant.version" value="Apache Ant(TM) version 1.10.14 compiled on August 16 2023" />
    <property name="libs.absolutelayout.maven-pom" value="" />
    <property name="java.failonerror" value="true" />
    <property name="javac.modulepath" value="" />
    <property name="libs.spring-framework500.src" value="" />
    <property name="user.properties.file" value="C:\Users\alvar\AppData\Roaming\NetBeans\26\build.properties" />
    <property name="libs.javaee-api-6.0.src" value="" />
    <property name="netbeans.autoupdate.country" value="ES" />
    <property name="nb.wait.for.caches" value="true" />
    <property name="java.class.path" value="C:\Users\alvar\Downloads\netbeans-26-bin\netbeans\platform\modules\ext\junit-4.13.2.jar;C:\Users\alvar\Downloads\netbeans-26-bin\netbeans\platform\modules\ext\hamcrest-core-1.3.jar;C:\Users\alvar\Documents\NetBeansProjects\PruebaArchivos\build\classes;C:\Users\alvar\Documents\NetBeansProjects\PruebaArchivos\build\test\classes;C:\Users\alvar\Downloads\netbeans-26-bin\netbeans\extide\ant\lib\ant-launcher.jar;C:\Users\alvar\Downloads\netbeans-26-bin\netbeans\extide\ant\lib\ant.jar;C:\Users\alvar\Downloads\netbeans-26-bin\netbeans\extide\ant\lib\ant-junit.jar;C:\Users\alvar\Downloads\netbeans-26-bin\netbeans\extide\ant\lib\ant-junit4.jar" />
    <property name="libs.javaee-web-api-6.0.maven-pom" value="" />
    <property name="java.vm.vendor" value="Oracle Corporation" />
    <property name="ap.supported.internal" value="true" />
    <property name="user.variant" value="" />
    <property name="netbeans.home+have.tests" value="true" />
    <property name="test.binaryexcludes" value="" />
    <property name="javac.compilerargs" value="" />
    <property name="libs.jstl.maven-pom" value="" />
    <property name="libs.jakartaee-web-api-8.0.src" value="" />
    <property name="sun.cpu.endian" value="little" />
    <property name="libs.jakartaee-api-9.0.src" value="" />
    <property name="libs.jakartaee-web-api-11.0.javadoc" value="C:\Users\alvar\Downloads\netbeans-26-bin\netbeans\enterprise\docs\jakartaee11-doc-api.jar" />
    <property name="libs.junit_4.src" value="C:\Users\alvar\Downloads\netbeans-26-bin\netbeans\platform\docs\junit-4.13.2-sources.jar" />
    <property name="user.language" value="es" />
    <property name="copylibs.rebase" value="true" />
    <property name="libs.javaee-web-api-6.0.src" value="" />
    <property name="maven.defaultProjectBuilder.disableGlobalModelCache" value="true" />
    <property name="javadoc.nonavbar" value="false" />
    <property name="libs.javaee-api-8.0.src" value="" />
    <property name="ant.java.version" value="21" />
    <property name="libs.junit_4.classpath" value="C:\Users\alvar\Downloads\netbeans-26-bin\netbeans\platform\modules\ext\junit-4.13.2.jar" />
    <property name="libs.jakartaee-api-9.0.javadoc" value="C:\Users\alvar\Downloads\netbeans-26-bin\netbeans\enterprise\docs\jakartaee9-doc-api.jar" />
    <property name="jlink.launcher.name" value="PruebaArchivos" />
    <property name="test.binarytestincludes" value="" />
    <property name="sun.awt.keepWorkingSetOnMinimize" value="true" />
    <property name="libs.spring-webmvc5.0.maven-pom" value="" />
    <property name="libs.junit_4.maven-pom" value="" />
    <property name="libs.jsp-compiler.maven-pom" value="" />
    <property name="runtime.encoding" value="UTF-8" />
    <property name="jlink.additionalmodules" value="" />
    <property name="libs.jakartaee-web-api-10.0.javadoc" value="C:\Users\alvar\Downloads\netbeans-26-bin\netbeans\enterprise\docs\jakartaee10-doc-api.jar" />
    <property name="libs.jakartaee-web-api-8.0.classpath" value="C:\Users\alvar\Downloads\netbeans-26-bin\netbeans\enterprise\modules\ext\jakarta.jakartaee-web-api-8.0.0.jar" />
    <property name="javac.classpath" value="C:\Users\alvar\Downloads\netbeans-26-bin\netbeans\platform\modules\ext\junit-4.13.2.jar:C:\Users\alvar\Downloads\netbeans-26-bin\netbeans\platform\modules\ext\hamcrest-core-1.3.jar" />
    <property name="dist.jlink.dir" value="dist/jlink" />
    <property name="nb.junit.batch" value="true" />
    <property name="libs.jakartaee-web-api-10.0.maven-pom" value="" />
    <property name="build.test.classes.dir" value="build/test/classes" />
    <property name="ant.project.invoked-targets" value="test" />
    <property name="libs.jstl.classpath" value="C:\Users\alvar\Downloads\netbeans-26-bin\netbeans\enterprise\modules\ext\jstl-impl.jar;C:\Users\alvar\Downloads\netbeans-26-bin\netbeans\enterprise\modules\ext\jstl-api.jar" />
    <property name="ap.cmd.line.internal" value="" />
    <property name="libs.PostgreSQLDriver.src" value="" />
    <property name="ant.file.PruebaArchivos-impl" value="C:\Users\alvar\Documents\NetBeansProjects\PruebaArchivos\nbproject\build-impl.xml" />
    <property name="java.vendor.url.bug" value="https://bugreport.java.com/bugreport/" />
    <property name="annotation.processing.source.output" value="build/generated-sources/ap-source-output" />
    <property name="libs.javaee-endorsed-api-6.0.maven-pom" value="" />
    <property name="user.dir" value="C:\Users\alvar\Documents\NetBeansProjects\PruebaArchivos" />
    <property name="platform.java" value="C:\Program Files\Java\jdk-21/bin/java" />
    <property name="application.args" value="" />
    <property name="org.xml.sax.driver" value="com.sun.org.apache.xerces.internal.jaxp.SAXParserImpl$JAXPSAXParser" />
    <property name="libs.jakartaee-web-api-8.0.maven-pom" value="" />
    <property name="libs.eclipselink.src" value="" />
    <property name="manifest.custom.codebase" value="" />
    <property name="java.vm.version" value="21+35-LTS-2513" />
    <property name="libs.metro.javadoc" value="C:\Users\alvar\Downloads\netbeans-26-bin\netbeans\enterprise\docs\webservices-api-javadoc.jar;C:\Users\alvar\Downloads\netbeans-26-bin\netbeans\enterprise\docs\webservices-extra-javadoc.jar;C:\Users\alvar\Downloads\netbeans-26-bin\netbeans\enterprise\docs\webservices-extra-api-javadoc.jar;C:\Users\alvar\Downloads\netbeans-26-bin\netbeans\enterprise\docs\webservices-rt-javadoc.jar;C:\Users\alvar\Downloads\netbeans-26-bin\netbeans\enterprise\docs\webservices-tools-javadoc.jar" />
    <property name="libs.jakartaee-web-api-9.0.src" value="" />
    <property name="libs.jakartaee-web-api-10.0.classpath" value="C:\Users\alvar\Downloads\netbeans-26-bin\netbeans\enterprise\modules\ext\jakarta.jakartaee-web-api-10.0.0.jar" />
    <property name="sun.awt.datatransfer.timeout" value="1000" />
    <property name="annotation.processing.run.all.processors" value="true" />
    <property name="libs.jakartaee-api-8.0.src" value="" />
    <property name="libs.javaee-web-api-7.0.src" value="" />
    <property name="junit.forkmode" value="perTest" />
    <property name="libs.jsp-compiler.classpath" value="C:\Users\alvar\Downloads\netbeans-26-bin\netbeans\enterprise\ant\extra\jspcompile.jar" />
    <property name="libs.javaee-endorsed-api-6.0.classpath" value="C:\Users\alvar\Downloads\netbeans-26-bin\netbeans\enterprise\modules\ext\javaee6-endorsed\javax.annotation.jar;C:\Users\alvar\Downloads\netbeans-26-bin\netbeans\enterprise\modules\ext\javaee6-endorsed\jaxb-api-osgi.jar;C:\Users\alvar\Downloads\netbeans-26-bin\netbeans\enterprise\modules\ext\javaee6-endorsed\webservices-api-osgi.jar" />
  </properties>
  <testcase classname="MainTest" name="eventosPorNombreFuente" time="0.015" />
  <testcase classname="MainTest" name="testMain" time="0.006" />
  <testcase classname="MainTest" name="testBSearch" time="0.097" />
  <testcase classname="MainTest" name="eventosPorValores" time="0.004" />
  <testcase classname="MainTest" name="eventosPorPeriodos" time="0.1" />
  <system-out><![CDATA[Leyendo prueba-fuentes.fu
Leyendo prueba-fuentes_1.fu
Leyendo prueba1.ev
Leyendo prueba.ev
< 1717009900;5;12
< 1717009910;2;05
< 1717009911;9;63
< 1717009912;5;28
< 0;F0
< 1;F1
< 2;F2
< 1717009901;9;76
< 1717009902;2;34
< 1717009903;8;91
< 1717009904;1;55
< 1717009905;6;23
< 1717009906;4;68
< 1717009907;10;17
< 1717009908;3;80
< 7;F7
< 8;F8
< 9;F9
< 1717009913;1;99
< 1717009914;8;03
< 1717009915;6;72
< 1717009916;4;11
< 1717009918;10;88
< 1717009918;3;39
< 1717009919;7;51
Terminado prueba-fuentes_1.fu
< 3;F3
< 4;F4
< 5;F5
Terminado prueba-fuentes.fu
< 1717009909;7;49
< 1717009910;2;05
< 1717009911;9;63
< 1717009912;5;28
< 1717009913;1;99
< 1717009914;8;03
< 1717009915;6;72
< 1717009916;4;11
< 1717009900;5;12
< 1717009918;10;88
< 1717009901;9;76
< 1717009902;2;34
Fuentes leidas
< 1717009918;3;39
< 1717009903;8;91
< 1717009919;7;51
< 1717009904;1;55
< 1717009905;6;23
Terminado prueba.ev
< ;4;68
< 1717009907;;17
< 1717009908;3;
< 1717009909;7;49
Terminado prueba1.ev
Archivos leidos
> Fuente{0 - F0 }
> Fuente{1 - F1 }
> Fuente{2 - F2 }
> Fuente{7 - F7 }
> Fuente{8 - F8 }
> Fuente{9 - F9 }
> Fuente{3 - F3 }
> Fuente{4 - F4 }
> Fuente{5 - F5 }
ConsumidorFin
Evento{1717009900 - 5 - 12,000000}
Evento{1717009900 - 5 - 12,000000}
Evento{1717009901 - 9 - 76,000000}
Evento{1717009901 - 9 - 76,000000}
Evento{1717009902 - 2 - 34,000000}
Evento{1717009902 - 2 - 34,000000}
Evento{1717009903 - 8 - 91,000000}
Evento{1717009903 - 8 - 91,000000}
Evento{1717009904 - 1 - 55,000000}
Evento{1717009904 - 1 - 55,000000}
Evento{1717009905 - 6 - 23,000000}
Evento{1717009905 - 6 - 23,000000}
Evento{1717009906 - 4 - 68,000000}
Evento{1717009907 - 10 - 17,000000}
Evento{1717009908 - 3 - 80,000000}
Evento{1717009909 - 7 - 49,000000}
Evento{1717009909 - 7 - 49,000000}
Evento{1717009910 - 2 - 5,000000}
Evento{1717009910 - 2 - 5,000000}
Evento{1717009911 - 9 - 63,000000}
Evento{1717009911 - 9 - 63,000000}
Evento{1717009912 - 5 - 28,000000}
Evento{1717009912 - 5 - 28,000000}
Evento{1717009913 - 1 - 99,000000}
Evento{1717009913 - 1 - 99,000000}
Evento{1717009914 - 8 - 3,000000}
Evento{1717009914 - 8 - 3,000000}
Evento{1717009915 - 6 - 72,000000}
Evento{1717009915 - 6 - 72,000000}
Evento{1717009916 - 4 - 11,000000}
Evento{1717009916 - 4 - 11,000000}
Evento{1717009918 - 10 - 88,000000}
Evento{1717009918 - 3 - 39,000000}
Evento{1717009918 - 10 - 88,000000}
Evento{1717009918 - 3 - 39,000000}
Evento{1717009919 - 7 - 51,000000}
Evento{1717009919 - 7 - 51,000000}
Fuente{0 - F0 }
Fuente{1 - F1 }
Fuente{2 - F2 }
Fuente{7 - F7 }
Fuente{8 - F8 }
Fuente{9 - F9 }
Fuente{3 - F3 }
Fuente{4 - F4 }
Fuente{5 - F5 }
Leyendo prueba-fuentes.fu
Leyendo prueba-fuentes_1.fu
< 0;F0
< 7;F7
Leyendo prueba.ev
< 8;F8
< 9;F9
< 1;F1
< 2;F2
< 3;F3
< 4;F4
< 5;F5
Leyendo prueba1.ev
Terminado prueba-fuentes_1.fu
< 1717009900;5;12
Terminado prueba-fuentes.fu
< 1717009910;2;05
Fuentes leidas
< 1717009901;9;76
< 1717009911;9;63
< 1717009902;2;34
< 1717009912;5;28
< 1717009903;8;91
< 1717009913;1;99
< 1717009904;1;55
< 1717009914;8;03
< 1717009915;6;72
< 1717009905;6;23
< 1717009916;4;11
< 1717009906;4;68
< 1717009918;10;88
< 1717009907;10;17
< 1717009918;3;39
< 1717009908;3;80
< 1717009919;7;51
< 1717009909;7;49
< 1717009900;5;12
< 1717009910;2;05
< 1717009901;9;76
< 1717009911;9;63
< 1717009902;2;34
< 1717009912;5;28
< 1717009903;8;91
< 1717009913;1;99
< 1717009904;1;55
< 1717009914;8;03
< 1717009905;6;23
< 1717009915;6;72
< ;4;68
< 1717009916;4;11
< 1717009907;;17
< 1717009918;10;88
< 1717009908;3;
< 1717009918;3;39
< 1717009909;7;49
< 1717009919;7;51
Terminado prueba1.ev
Terminado prueba.ev
Archivos leidos
> Fuente{0 - F0 }
> Fuente{7 - F7 }
> Fuente{8 - F8 }
> Fuente{9 - F9 }
> Fuente{1 - F1 }
> Fuente{2 - F2 }
> Fuente{3 - F3 }
> Fuente{4 - F4 }
> Fuente{5 - F5 }
ConsumidorFin
Evento{1717009900 - 5 - 12,000000}
Evento{1717009900 - 5 - 12,000000}
Evento{1717009901 - 9 - 76,000000}
Evento{1717009901 - 9 - 76,000000}
Evento{1717009902 - 2 - 34,000000}
Evento{1717009902 - 2 - 34,000000}
Evento{1717009903 - 8 - 91,000000}
Evento{1717009903 - 8 - 91,000000}
Evento{1717009904 - 1 - 55,000000}
Evento{1717009904 - 1 - 55,000000}
Evento{1717009905 - 6 - 23,000000}
Evento{1717009905 - 6 - 23,000000}
Evento{1717009906 - 4 - 68,000000}
Evento{1717009907 - 10 - 17,000000}
Evento{1717009908 - 3 - 80,000000}
Evento{1717009909 - 7 - 49,000000}
Evento{1717009909 - 7 - 49,000000}
Evento{1717009910 - 2 - 5,000000}
Evento{1717009910 - 2 - 5,000000}
Evento{1717009911 - 9 - 63,000000}
Evento{1717009911 - 9 - 63,000000}
Evento{1717009912 - 5 - 28,000000}
Evento{1717009912 - 5 - 28,000000}
Evento{1717009913 - 1 - 99,000000}
Evento{1717009913 - 1 - 99,000000}
Evento{1717009914 - 8 - 3,000000}
Evento{1717009914 - 8 - 3,000000}
Evento{1717009915 - 6 - 72,000000}
Evento{1717009915 - 6 - 72,000000}
Evento{1717009916 - 4 - 11,000000}
Evento{1717009916 - 4 - 11,000000}
Evento{1717009918 - 10 - 88,000000}
Evento{1717009918 - 3 - 39,000000}
Evento{1717009918 - 10 - 88,000000}
Evento{1717009918 - 3 - 39,000000}
Evento{1717009919 - 7 - 51,000000}
Evento{1717009919 - 7 - 51,000000}
Fuente{0 - F0 }
Fuente{7 - F7 }
Fuente{8 - F8 }
Fuente{9 - F9 }
Fuente{1 - F1 }
Fuente{2 - F2 }
Fuente{3 - F3 }
Fuente{4 - F4 }
Fuente{5 - F5 }
Tamaño37
Leyendo prueba-fuentes.fu
Leyendo prueba-fuentes_1.fu
Leyendo prueba.ev
< 0;F0
< 7;F7
< 8;F8
< 9;F9
Leyendo prueba1.ev
Terminado prueba-fuentes_1.fu
< 1;F1
< 1717009900;5;12
< 1717009910;2;05
< 2;F2
< 1717009901;9;76
< 1717009911;9;63
< 3;F3
< 4;F4
< 1717009902;2;34
< 1717009912;5;28
< 5;F5
< 1717009903;8;91
< 1717009913;1;99
< 1717009904;1;55
< 1717009914;8;03
Terminado prueba-fuentes.fu
< 1717009905;6;23
Fuentes leidas
< 1717009915;6;72
< 1717009906;4;68
< 1717009916;4;11
< 1717009907;10;17
< 1717009918;10;88
< 1717009908;3;80
< 1717009918;3;39
< 1717009909;7;49
< 1717009919;7;51
< 1717009910;2;05
< 1717009900;5;12
< 1717009911;9;63
< 1717009901;9;76
< 1717009912;5;28
< 1717009902;2;34
< 1717009913;1;99
< 1717009903;8;91
< 1717009914;8;03
< 1717009904;1;55
< 1717009915;6;72
< 1717009905;6;23
< 1717009916;4;11
< ;4;68
< 1717009918;10;88
< 1717009907;;17
< 1717009918;3;39
< 1717009908;3;
< 1717009909;7;49
< 1717009919;7;51
Terminado prueba.ev
Terminado prueba1.ev
Archivos leidos
> Fuente{0 - F0 }
> Fuente{7 - F7 }
> Fuente{8 - F8 }
> Fuente{9 - F9 }
> Fuente{1 - F1 }
> Fuente{2 - F2 }
> Fuente{3 - F3 }
> Fuente{4 - F4 }
> Fuente{5 - F5 }
ConsumidorFin
Evento{1717009900 - 5 - 12,000000}
Evento{1717009900 - 5 - 12,000000}
Evento{1717009901 - 9 - 76,000000}
Evento{1717009901 - 9 - 76,000000}
Evento{1717009902 - 2 - 34,000000}
Evento{1717009902 - 2 - 34,000000}
Evento{1717009903 - 8 - 91,000000}
Evento{1717009903 - 8 - 91,000000}
Evento{1717009904 - 1 - 55,000000}
Evento{1717009904 - 1 - 55,000000}
Evento{1717009905 - 6 - 23,000000}
Evento{1717009905 - 6 - 23,000000}
Evento{1717009906 - 4 - 68,000000}
Evento{1717009907 - 10 - 17,000000}
Evento{1717009908 - 3 - 80,000000}
Evento{1717009909 - 7 - 49,000000}
Evento{1717009909 - 7 - 49,000000}
Evento{1717009910 - 2 - 5,000000}
Evento{1717009910 - 2 - 5,000000}
Evento{1717009911 - 9 - 63,000000}
Evento{1717009911 - 9 - 63,000000}
Evento{1717009912 - 5 - 28,000000}
Evento{1717009912 - 5 - 28,000000}
Evento{1717009913 - 1 - 99,000000}
Evento{1717009913 - 1 - 99,000000}
Evento{1717009914 - 8 - 3,000000}
Evento{1717009914 - 8 - 3,000000}
Evento{1717009915 - 6 - 72,000000}
Evento{1717009915 - 6 - 72,000000}
Evento{1717009916 - 4 - 11,000000}
Evento{1717009916 - 4 - 11,000000}
Evento{1717009918 - 10 - 88,000000}
Evento{1717009918 - 3 - 39,000000}
Evento{1717009918 - 10 - 88,000000}
Evento{1717009918 - 3 - 39,000000}
Evento{1717009919 - 7 - 51,000000}
Evento{1717009919 - 7 - 51,000000}
Fuente{0 - F0 }
Fuente{7 - F7 }
Fuente{8 - F8 }
Fuente{9 - F9 }
Fuente{1 - F1 }
Fuente{2 - F2 }
Fuente{3 - F3 }
Fuente{4 - F4 }
Fuente{5 - F5 }
Leyendo prueba-fuentes.fu
Leyendo prueba-fuentes_1.fu
Leyendo prueba.ev
Leyendo prueba1.ev
< 0;F0
< 1717009900;5;12
< 1;F1
< 1717009901;9;76
< 7;F7
< 2;F2
< 1717009902;2;34
< 8;F8
< 1717009903;8;91
< 3;F3
< 1717009910;2;05
< 9;F9
< 1717009904;1;55
< 1717009905;6;23
< 1717009906;4;68
< 4;F4
< 5;F5
< 1717009911;9;63
Terminado prueba-fuentes.fu
Terminado prueba-fuentes_1.fu
< 1717009907;10;17
Fuentes leidas
< 1717009908;3;80
< 1717009912;5;28
< 1717009909;7;49
< 1717009910;2;05
< 1717009913;1;99
< 1717009914;8;03
< 1717009915;6;72
< 1717009916;4;11
< 1717009918;10;88
< 1717009918;3;39
< 1717009911;9;63
< 1717009919;7;51
< 1717009900;5;12
< 1717009901;9;76
< 1717009902;2;34
< 1717009903;8;91
< 1717009904;1;55
< 1717009905;6;23
< ;4;68
< 1717009907;;17
< 1717009908;3;
< 1717009909;7;49
Terminado prueba1.ev
< 1717009912;5;28
< 1717009913;1;99
< 1717009914;8;03
< 1717009915;6;72
< 1717009916;4;11
< 1717009918;10;88
< 1717009918;3;39
< 1717009919;7;51
Terminado prueba.ev
Archivos leidos
> Fuente{0 - F0 }
> Fuente{1 - F1 }
> Fuente{7 - F7 }
> Fuente{2 - F2 }
> Fuente{8 - F8 }
> Fuente{3 - F3 }
> Fuente{9 - F9 }
> Fuente{4 - F4 }
> Fuente{5 - F5 }
ConsumidorFin
Evento{1717009900 - 5 - 12,000000}
Evento{1717009900 - 5 - 12,000000}
Evento{1717009901 - 9 - 76,000000}
Evento{1717009901 - 9 - 76,000000}
Evento{1717009902 - 2 - 34,000000}
Evento{1717009902 - 2 - 34,000000}
Evento{1717009903 - 8 - 91,000000}
Evento{1717009903 - 8 - 91,000000}
Evento{1717009904 - 1 - 55,000000}
Evento{1717009904 - 1 - 55,000000}
Evento{1717009905 - 6 - 23,000000}
Evento{1717009905 - 6 - 23,000000}
Evento{1717009906 - 4 - 68,000000}
Evento{1717009907 - 10 - 17,000000}
Evento{1717009908 - 3 - 80,000000}
Evento{1717009909 - 7 - 49,000000}
Evento{1717009909 - 7 - 49,000000}
Evento{1717009910 - 2 - 5,000000}
Evento{1717009910 - 2 - 5,000000}
Evento{1717009911 - 9 - 63,000000}
Evento{1717009911 - 9 - 63,000000}
Evento{1717009912 - 5 - 28,000000}
Evento{1717009912 - 5 - 28,000000}
Evento{1717009913 - 1 - 99,000000}
Evento{1717009913 - 1 - 99,000000}
Evento{1717009914 - 8 - 3,000000}
Evento{1717009914 - 8 - 3,000000}
Evento{1717009915 - 6 - 72,000000}
Evento{1717009915 - 6 - 72,000000}
Evento{1717009916 - 4 - 11,000000}
Evento{1717009916 - 4 - 11,000000}
Evento{1717009918 - 10 - 88,000000}
Evento{1717009918 - 3 - 39,000000}
Evento{1717009918 - 10 - 88,000000}
Evento{1717009918 - 3 - 39,000000}
Evento{1717009919 - 7 - 51,000000}
Evento{1717009919 - 7 - 51,000000}
Fuente{0 - F0 }
Fuente{1 - F1 }
Fuente{7 - F7 }
Fuente{2 - F2 }
Fuente{8 - F8 }
Fuente{3 - F3 }
Fuente{9 - F9 }
Fuente{4 - F4 }
Fuente{5 - F5 }
Leyendo prueba-fuentes.fu
Leyendo prueba-fuentes_1.fu
< 0;F0
< 7;F7
< 1;F1
< 2;F2
< 3;F3
< 4;F4
< 5;F5
Leyendo prueba1.ev
Leyendo prueba.ev
< 8;F8
< 9;F9
Terminado prueba-fuentes.fu
< 1717009910;2;05
Terminado prueba-fuentes_1.fu
< 1717009911;9;63
< 1717009900;5;12
< 1717009901;9;76
< 1717009902;2;34
< 1717009903;8;91
< 1717009904;1;55
< 1717009905;6;23
< 1717009906;4;68
< 1717009912;5;28
Fuentes leidas
< 1717009907;10;17
< 1717009913;1;99
< 1717009908;3;80
< 1717009914;8;03
< 1717009915;6;72
< 1717009909;7;49
< 1717009916;4;11
< 1717009910;2;05
< 1717009918;10;88
< 1717009918;3;39
< 1717009911;9;63
< 1717009912;5;28
< 1717009919;7;51
< 1717009913;1;99
< 1717009900;5;12
< 1717009914;8;03
< 1717009901;9;76
< 1717009915;6;72
< 1717009916;4;11
< 1717009918;10;88
< 1717009918;3;39
< 1717009902;2;34
< 1717009903;8;91
< 1717009904;1;55
< 1717009905;6;23
< 1717009919;7;51
< ;4;68
< 1717009907;;17
< 1717009908;3;
< 1717009909;7;49
Terminado prueba.ev
Terminado prueba1.ev
Archivos leidos
> Fuente{0 - F0 }
> Fuente{7 - F7 }
> Fuente{1 - F1 }
> Fuente{2 - F2 }
> Fuente{3 - F3 }
> Fuente{4 - F4 }
> Fuente{5 - F5 }
> Fuente{8 - F8 }
> Fuente{9 - F9 }
ConsumidorFin
Evento{1717009900 - 5 - 12,000000}
Evento{1717009900 - 5 - 12,000000}
Evento{1717009901 - 9 - 76,000000}
Evento{1717009901 - 9 - 76,000000}
Evento{1717009902 - 2 - 34,000000}
Evento{1717009902 - 2 - 34,000000}
Evento{1717009903 - 8 - 91,000000}
Evento{1717009903 - 8 - 91,000000}
Evento{1717009904 - 1 - 55,000000}
Evento{1717009904 - 1 - 55,000000}
Evento{1717009905 - 6 - 23,000000}
Evento{1717009905 - 6 - 23,000000}
Evento{1717009906 - 4 - 68,000000}
Evento{1717009907 - 10 - 17,000000}
Evento{1717009908 - 3 - 80,000000}
Evento{1717009909 - 7 - 49,000000}
Evento{1717009909 - 7 - 49,000000}
Evento{1717009910 - 2 - 5,000000}
Evento{1717009910 - 2 - 5,000000}
Evento{1717009911 - 9 - 63,000000}
Evento{1717009911 - 9 - 63,000000}
Evento{1717009912 - 5 - 28,000000}
Evento{1717009912 - 5 - 28,000000}
Evento{1717009913 - 1 - 99,000000}
Evento{1717009913 - 1 - 99,000000}
Evento{1717009914 - 8 - 3,000000}
Evento{1717009914 - 8 - 3,000000}
Evento{1717009915 - 6 - 72,000000}
Evento{1717009915 - 6 - 72,000000}
Evento{1717009916 - 4 - 11,000000}
Evento{1717009916 - 4 - 11,000000}
Evento{1717009918 - 10 - 88,000000}
Evento{1717009918 - 3 - 39,000000}
Evento{1717009918 - 10 - 88,000000}
Evento{1717009918 - 3 - 39,000000}
Evento{1717009919 - 7 - 51,000000}
Evento{1717009919 - 7 - 51,000000}
Fuente{0 - F0 }
Fuente{7 - F7 }
Fuente{1 - F1 }
Fuente{2 - F2 }
Fuente{3 - F3 }
Fuente{4 - F4 }
Fuente{5 - F5 }
Fuente{8 - F8 }
Fuente{9 - F9 }
]]></system-out>
  <system-err><![CDATA[]]></system-err>
</testsuite>
