<?xml version="1.0" encoding="UTF-8" ?>
<testsuite errors="0" failures="0" hostname="DOM-001-2823" name="MainTest" skipped="0" tests="5" time="0.092" timestamp="2025-05-30T10:15:35">
  <properties>
    <property name="javac.test.classpath" value="./lib/:lib/./lib:build/classes:./lib/:lib/junit-4.12.0.jar:lib/hamcrest-core-1.3.jar" />
    <property name="java.specification.version" value="21" />
    <property name="jar.index.metainf" value="false" />
    <property name="jnlp.signing.keystore" value="" />
    <property name="do.depend" value="false" />
    <property name="javadoc.preview" value="true" />
    <property name="test.binaryincludes" value="&lt;nothing&gt;" />
    <property name="jnlp.signing.alias" value="" />
    <property name="sun.arch.data.model" value="64" />
    <property name="debug-transport" value="dt_socket" />
    <property name="do.jlink" value="false" />
    <property name="java.vendor.url" value="https://ubuntu.com/" />
    <property name="annotation.processing.enabled" value="true" />
    <property name="debug.modulepath" value="" />
    <property name="sun.boot.library.path" value="/usr/lib/jvm/java-21-openjdk-amd64/lib" />
    <property name="sun.java.command" value="org.apache.tools.ant.taskdefs.optional.junit.JUnitTestRunner MainTest skipNonTests=false filtertrace=true haltOnError=false haltOnFailure=false showoutput=true outputtoformatters=true logfailedtests=true threadid=0 logtestlistenerevents=false formatter=org.apache.tools.ant.taskdefs.optional.junit.BriefJUnitResultFormatter formatter=org.apache.tools.ant.taskdefs.optional.junit.XMLJUnitResultFormatter,/home/alvar/PruebaFicheros/build/test/results/TEST-MainTest.xml crashfile=/home/alvar/PruebaFicheros/build/junitvmwatcher7230567804750031394.properties propsfile=/home/alvar/PruebaFicheros/build/junit17641371011829380499.properties" />
    <property name="jdk.debug" value="release" />
    <property name="java.specification.vendor" value="Oracle Corporation" />
    <property name="javac.source" value="21" />
    <property name="javadoc.use" value="true" />
    <property name="javadoc.notree" value="false" />
    <property name="java.version.date" value="2025-04-15" />
    <property name="java.home" value="/usr/lib/jvm/java-21-openjdk-amd64" />
    <property name="basedir" value="/home/alvar/PruebaFicheros" />
    <property name="application.vendor" value="alvar" />
    <property name="work.dir" value="/home/alvar/PruebaFicheros" />
    <property name="java.specification.name" value="Java Platform API Specification" />
    <property name="java.vm.specification.vendor" value="Oracle Corporation" />
    <property name="javac.test.compilerargs" value="" />
    <property name="ant.file.type.PruebaArchivos" value="file" />
    <property name="manifest.encoding" value="UTF-8" />
    <property name="manifest.custom.permissions" value="" />
    <property name="sun.management.compiler" value="HotSpot 64-Bit Tiered Compilers" />
    <property name="run.test.modulepath" value="" />
    <property name="java.runtime.version" value="21.0.7+6-Ubuntu-0ubuntu122.04" />
    <property name="debug.test.modulepath" value="" />
    <property name="file.encoding" value="UTF-8" />
    <property name="jnlp.enabled" value="false" />
    <property name="dist.archive.excludes" value="" />
    <property name="java.io.tmpdir" value="/tmp" />
    <property name="do.archive" value="true" />
    <property name="java.version" value="21.0.7" />
    <property name="java.vm.specification.name" value="Java Virtual Machine Specification" />
    <property name="built-jar.properties" value="/home/alvar/PruebaFicheros/build/built-jar.properties" />
    <property name="native.encoding" value="UTF-8" />
    <property name="java.library.path" value="/usr/java/packages/lib:/usr/lib/x86_64-linux-gnu/jni:/lib/x86_64-linux-gnu:/usr/lib/x86_64-linux-gnu:/usr/lib/jni:/lib:/usr/lib" />
    <property name="platform.active" value="default_platform" />
    <property name="java.vendor" value="Ubuntu" />
    <property name="stderr.encoding" value="UTF-8" />
    <property name="meta.inf.dir" value="src/META-INF" />
    <property name="run.upgrademodulepath" value="" />
    <property name="sun.io.unicode.encoding" value="UnicodeLittle" />
    <property name="compile.on.save" value="true" />
    <property name="jlink.additionalparam" value="" />
    <property name="default.javac.source" value="1.8" />
    <property name="ant.file.type" value="file" />
    <property name="run.classpath" value="./lib/:lib/./lib:build/classes" />
    <property name="javac.systemmodulepath.cmd.line.arg" value="" />
    <property name="test.src.dir" value="test" />
    <property name="ap.proc.none.internal" value="" />
    <property name="endorsed.classpath.cmd.line.arg" value="" />
    <property name="jar.index" value="false" />
    <property name="java.vm.specification.version" value="21" />
    <property name="build.sysclasspath" value="ignore" />
    <property name="os.name" value="Linux" />
    <property name="javadoc.noindex" value="false" />
    <property name="javadoc.private" value="false" />
    <property name="jdkBug6558476" value="false" />
    <property name="javadoc.author" value="false" />
    <property name="main.class" value="Main" />
    <property name="user.home" value="/home/alvar" />
    <property name="source.encoding" value="UTF-8" />
    <property name="jar.compress" value="false" />
    <property name="have.sources" value="true" />
    <property name="annotation.processing.processors.list" value="" />
    <property name="javac.deprecation" value="false" />
    <property name="jlink.launcher" value="true" />
    <property name="manifest.custom.caller.allowable.codebase" value="" />
    <property name="jnlp.mixed.code" value="default" />
    <property name="build.generated.sources.dir" value="build/generated-sources" />
    <property name="run.jvmargs" value="" />
    <property name="build.classes.excludes" value="**/*.java,**/*.form" />
    <property name="dist.jar" value="dist/PruebaArchivos.jar" />
    <property name="ant.file" value="/home/alvar/PruebaFicheros/build.xml" />
    <property name="stdout.encoding" value="UTF-8" />
    <property name="modules.supported.internal" value="true" />
    <property name="path.separator" value=":" />
    <property name="os.version" value="6.6.87.1-microsoft-standard-WSL2" />
    <property name="debug-transport-by-os" value="dt_socket" />
    <property name="build.test.results.dir" value="build/test/results" />
    <property name="ap.processors.internal" value="" />
    <property name="java.vm.name" value="OpenJDK 64-Bit Server VM" />
    <property name="unnamed.module.internal" value="true" />
    <property name="module.name" value="" />
    <property name="os.arch" value="amd64" />
    <property name="build.generated.dir" value="build/generated" />
    <property name="do.jar" value="true" />
    <property name="java.vm.info" value="mixed mode, sharing" />
    <property name="jnlp.descriptor" value="application" />
    <property name="run.test.classpath" value="./lib/:lib/./lib:build/classes:./lib/:lib/junit-4.12.0.jar:lib/hamcrest-core-1.3.jar:build/test/classes:./lib/./lib" />
    <property name="dist.jlink.output" value="dist/jlink/PruebaArchivos" />
    <property name="java.class.version" value="65.0" />
    <property name="javadoc.encoding.used" value="UTF-8" />
    <property name="src.dir" value="src" />
    <property name="ant.project.default-target" value="default" />
    <property name="debug.classpath" value="./lib/:lib/./lib:build/classes" />
    <property name="ant.library.dir" value="/usr/share/ant/lib" />
    <property name="excludes" value="" />
    <property name="ant.project.name" value="PruebaArchivos" />
    <property name="dist.javadoc.dir" value="dist/javadoc" />
    <property name="run.test.jvmargs" value="" />
    <property name="sun.jnu.encoding" value="UTF-8" />
    <property name="default.javac.target" value="1.8" />
    <property name="javac.fork" value="true" />
    <property name="jnlp.offline-allowed" value="false" />
    <property name="main.class.available" value="true" />
    <property name="jar.archive.disabled" value="false" />
    <property name="empty.dir" value="/home/alvar/PruebaFicheros/build/empty" />
    <property name="testng.mode" value="testng" />
    <property name="annotation.processing.enabled.in.editor" value="false" />
    <property name="file.separator" value="/" />
    <property name="java.vm.compressedOopsMode" value="32-bit" />
    <property name="line.separator" value="&#xa;" />
    <property name="javadoc.additionalparam" value="" />
    <property name="jnlp.signed" value="false" />
    <property name="javac.debug" value="true" />
    <property name="mkdist.disabled" value="true" />
    <property name="user.name" value="alvar" />
    <property name="build.classes.dir" value="build/classes" />
    <property name="javadoc.windowtitle" value="" />
    <property name="nb.junit.single" value="false" />
    <property name="module.build.classes.dir" value="build/classes" />
    <property name="annotation.processing.processor.options" value="" />
    <property name="dist.dir" value="dist" />
    <property name="build.dir" value="build" />
    <property name="javadoc.version" value="false" />
    <property name="ant.home" value="/usr/share/ant" />
    <property name="debug.test.classpath" value="./lib/:lib/./lib:build/classes:./lib/:lib/junit-4.12.0.jar:lib/hamcrest-core-1.3.jar:build/test/classes:./lib/./lib" />
    <property name="have.tests" value="true" />
    <property name="javac.external.vm" value="true" />
    <property name="testng.debug.mode" value="" />
    <property name="jnlp.signing" value="" />
    <property name="javac.target" value="21" />
    <property name="ant.version" value="Apache Ant(TM) version 1.10.12 compiled on January 17 1970" />
    <property name="javadoc.html5" value="false" />
    <property name="javac.test.processorpath" value="./lib/:lib/./lib:build/classes:./lib/:lib/junit-4.12.0.jar:lib/hamcrest-core-1.3.jar" />
    <property name="java.failonerror" value="true" />
    <property name="javac.modulepath" value="" />
    <property name="user.properties.file" value="C:\Users\alvar\AppData\Roaming\NetBeans\26\build.properties" />
    <property name="javac.processorpath" value="./lib/:lib/./lib" />
    <property name="java.class.path" value="/home/alvar/PruebaFicheros/lib:/home/alvar/PruebaFicheros/build/classes:/home/alvar/PruebaFicheros/lib/junit-4.12.0.jar:/home/alvar/PruebaFicheros/lib/hamcrest-core-1.3.jar:/home/alvar/PruebaFicheros/build/test/classes:/usr/share/java/ant-launcher-1.10.12.jar:/usr/share/ant/lib/ant.jar:/usr/share/ant/lib/ant-junit.jar:/usr/share/ant/lib/ant-junit4.jar" />
    <property name="java.vm.vendor" value="Ubuntu" />
    <property name="ap.supported.internal" value="true" />
    <property name="javac.upgrademodulepath" value="" />
    <property name="run.modulepath" value="" />
    <property name="jnlp.codebase.type" value="no.codebase" />
    <property name="test.binaryexcludes" value="" />
    <property name="javac.compilerargs" value="" />
    <property name="sun.java.launcher" value="SUN_STANDARD" />
    <property name="ant.file.type.PruebaArchivos-impl" value="file" />
    <property name="endorsed.classpath" value="" />
    <property name="javac.test.sourcepath" value="/home/alvar/PruebaFicheros/build/empty" />
    <property name="sun.cpu.endian" value="little" />
    <property name="user.language" value="en" />
    <property name="copylibs.rebase" value="true" />
    <property name="includes" value="**" />
    <property name="javadoc.nonavbar" value="false" />
    <property name="ant.java.version" value="21" />
    <property name="libs.junit_4.classpath" value="./lib/" />
    <property name="libs.hamcrest.classpath" value="lib/" />
    <property name="jlink.launcher.name" value="PruebaArchivos" />
    <property name="javadoc.splitindex" value="true" />
    <property name="junit.available" value="true" />
    <property name="test.binarytestincludes" value="" />
    <property name="javac.processormodulepath" value="" />
    <property name="manifest.custom.application.library.allowable.codebase" value="" />
    <property name="runtime.encoding" value="UTF-8" />
    <property name="jlink.additionalmodules" value="" />
    <property name="javadoc.encoding" value="UTF-8" />
    <property name="javac.classpath" value="./lib/:lib/./lib" />
    <property name="dist.jlink.dir" value="dist/jlink" />
    <property name="jlink.strip" value="false" />
    <property name="nb.junit.batch" value="true" />
    <property name="ant.file.PruebaArchivos" value="/home/alvar/PruebaFicheros/build.xml" />
    <property name="build.test.classes.dir" value="build/test/classes" />
    <property name="java.runtime.name" value="OpenJDK Runtime Environment" />
    <property name="ant.project.invoked-targets" value="test" />
    <property name="run.jvmargs.ide" value="" />
    <property name="ap.cmd.line.internal" value="" />
    <property name="ant.core.lib" value="/usr/share/ant/lib/ant.jar" />
    <property name="ant.file.PruebaArchivos-impl" value="/home/alvar/PruebaFicheros/nbproject/build-impl.xml" />
    <property name="java.vendor.url.bug" value="https://bugs.launchpad.net/ubuntu/+source/openjdk-21" />
    <property name="annotation.processing.source.output" value="build/generated-sources/ap-source-output" />
    <property name="javac.profile.cmd.line.arg" value="" />
    <property name="user.dir" value="/home/alvar/PruebaFicheros" />
    <property name="platform.java" value="/usr/lib/jvm/java-21-openjdk-amd64/bin/java" />
    <property name="application.title" value="PruebaArchivos" />
    <property name="do.archive+main.class.available" value="true" />
    <property name="application.args" value="" />
    <property name="javac.test.modulepath" value="" />
    <property name="java.vm.version" value="21.0.7+6-Ubuntu-0ubuntu122.04" />
    <property name="manifest.custom.codebase" value="" />
    <property name="junit.forkmode" value="perTest" />
    <property name="annotation.processing.run.all.processors" value="true" />
  </properties>
  <testcase classname="MainTest" name="eventosPorNombreFuente" time="0.002" />
  <testcase classname="MainTest" name="testMain" time="0.003" />
  <testcase classname="MainTest" name="testBSearch" time="0.0" />
  <testcase classname="MainTest" name="eventosPorValores" time="0.001" />
  <testcase classname="MainTest" name="eventosPorPeriodos" time="0.001" />
  <system-out><![CDATA[Leyendo prueba-fuentes.fu
Leyendo prueba-fuentes_1.fu
< 0;F0
< 1;F1
< 2;F2
< 3;F3
< 4;F4
< 5;F5
Terminado prueba-fuentes.fu
< 7;F7
< 8;F8
< 9;F9
Terminado prueba-fuentes_1.fu
Leyendo prueba1.ev
Fuentes leidas
< 1717009910;2;05
Leyendo prueba.ev
< 1717009911;9;63
< 1717009912;5;28
< 1717009913;1;99
< 1717009914;8;03
< 1717009915;6;72
< 1717009916;4;11
< 1717009918;10;88
< 1717009918;3;39
< 1717009919;7;51
< 1717009900;5;12
< 1717009901;9;76
< 1717009902;2;34
< 1717009900;5;12
< 1717009901;9;76
< 1717009902;2;34
< 1717009903;8;91
< 1717009904;1;55
< 1717009905;6;23
< ;4;68
< 1717009907;;17
< 1717009908;3;
< 1717009903;8;91
< 1717009904;1;55
< 1717009905;6;23
< 1717009906;4;68
< 1717009907;10;17
< 1717009908;3;80
< 1717009909;7;49
< 1717009910;2;05
< 1717009911;9;63
< 1717009912;5;28
< 1717009913;1;99
< 1717009914;8;03
< 1717009915;6;72
< 1717009916;4;11
< 1717009918;10;88
< 1717009909;7;49
Terminado prueba1.ev
< 1717009918;3;39
< 1717009919;7;51
Terminado prueba.ev
Archivos leidos
> Fuente{0 - F0 }
> Fuente{1 - F1 }
> Fuente{2 - F2 }
> Fuente{3 - F3 }
> Fuente{4 - F4 }
> Fuente{5 - F5 }
> Fuente{7 - F7 }
> Fuente{8 - F8 }
> Fuente{9 - F9 }
ConsumidorFin
Evento{1717009900 - 5 - 12.000000}
Evento{1717009900 - 5 - 12.000000}
Evento{1717009901 - 9 - 76.000000}
Evento{1717009901 - 9 - 76.000000}
Evento{1717009902 - 2 - 34.000000}
Evento{1717009902 - 2 - 34.000000}
Evento{1717009903 - 8 - 91.000000}
Evento{1717009903 - 8 - 91.000000}
Evento{1717009904 - 1 - 55.000000}
Evento{1717009904 - 1 - 55.000000}
Evento{1717009905 - 6 - 23.000000}
Evento{1717009905 - 6 - 23.000000}
Evento{1717009906 - 4 - 68.000000}
Evento{1717009907 - 10 - 17.000000}
Evento{1717009908 - 3 - 80.000000}
Evento{1717009909 - 7 - 49.000000}
Evento{1717009909 - 7 - 49.000000}
Evento{1717009910 - 2 - 5.000000}
Evento{1717009910 - 2 - 5.000000}
Evento{1717009911 - 9 - 63.000000}
Evento{1717009911 - 9 - 63.000000}
Evento{1717009912 - 5 - 28.000000}
Evento{1717009912 - 5 - 28.000000}
Evento{1717009913 - 1 - 99.000000}
Evento{1717009913 - 1 - 99.000000}
Evento{1717009914 - 8 - 3.000000}
Evento{1717009914 - 8 - 3.000000}
Evento{1717009915 - 6 - 72.000000}
Evento{1717009915 - 6 - 72.000000}
Evento{1717009916 - 4 - 11.000000}
Evento{1717009916 - 4 - 11.000000}
Evento{1717009918 - 10 - 88.000000}
Evento{1717009918 - 3 - 39.000000}
Evento{1717009918 - 10 - 88.000000}
Evento{1717009918 - 3 - 39.000000}
Evento{1717009919 - 7 - 51.000000}
Evento{1717009919 - 7 - 51.000000}
Fuente{0 - F0 }
Fuente{1 - F1 }
Fuente{2 - F2 }
Fuente{3 - F3 }
Fuente{4 - F4 }
Fuente{5 - F5 }
Fuente{7 - F7 }
Fuente{8 - F8 }
Fuente{9 - F9 }
Leyendo prueba-fuentes.fu
Leyendo prueba-fuentes_1.fu
Leyendo prueba1.ev
< 0;F0
< 1;F1
< 2;F2
< 3;F3
< 4;F4
< 5;F5
Terminado prueba-fuentes.fu
< 1717009910;2;05
< 7;F7
< 8;F8
Leyendo prueba.ev
< 1717009900;5;12
< 1717009911;9;63
< 1717009912;5;28
< 9;F9
Terminado prueba-fuentes_1.fu
< 1717009901;9;76
< 1717009902;2;34
< 1717009903;8;91
< 1717009904;1;55
< 1717009905;6;23
< 1717009913;1;99
Fuentes leidas
< 1717009906;4;68
< 1717009914;8;03
< 1717009907;10;17
< 1717009908;3;80
< 1717009915;6;72
< 1717009916;4;11
< 1717009918;10;88
< 1717009918;3;39
< 1717009919;7;51
< 1717009900;5;12
< 1717009901;9;76
< 1717009902;2;34
< 1717009903;8;91
< 1717009904;1;55
< 1717009905;6;23
< 1717009909;7;49
< 1717009910;2;05
< 1717009911;9;63
< 1717009912;5;28
< 1717009913;1;99
< 1717009914;8;03
< ;4;68
< 1717009915;6;72
< 1717009907;;17
< 1717009908;3;
< 1717009909;7;49
< 1717009916;4;11
Terminado prueba1.ev
< 1717009918;10;88
< 1717009918;3;39
< 1717009919;7;51
Terminado prueba.ev
Archivos leidos
> Fuente{0 - F0 }
> Fuente{1 - F1 }
> Fuente{2 - F2 }
> Fuente{3 - F3 }
> Fuente{4 - F4 }
> Fuente{5 - F5 }
> Fuente{7 - F7 }
> Fuente{8 - F8 }
> Fuente{9 - F9 }
ConsumidorFin
Evento{1717009900 - 5 - 12.000000}
Evento{1717009900 - 5 - 12.000000}
Evento{1717009901 - 9 - 76.000000}
Evento{1717009901 - 9 - 76.000000}
Evento{1717009902 - 2 - 34.000000}
Evento{1717009902 - 2 - 34.000000}
Evento{1717009903 - 8 - 91.000000}
Evento{1717009903 - 8 - 91.000000}
Evento{1717009904 - 1 - 55.000000}
Evento{1717009904 - 1 - 55.000000}
Evento{1717009905 - 6 - 23.000000}
Evento{1717009905 - 6 - 23.000000}
Evento{1717009906 - 4 - 68.000000}
Evento{1717009907 - 10 - 17.000000}
Evento{1717009908 - 3 - 80.000000}
Evento{1717009909 - 7 - 49.000000}
Evento{1717009909 - 7 - 49.000000}
Evento{1717009910 - 2 - 5.000000}
Evento{1717009910 - 2 - 5.000000}
Evento{1717009911 - 9 - 63.000000}
Evento{1717009911 - 9 - 63.000000}
Evento{1717009912 - 5 - 28.000000}
Evento{1717009912 - 5 - 28.000000}
Evento{1717009913 - 1 - 99.000000}
Evento{1717009913 - 1 - 99.000000}
Evento{1717009914 - 8 - 3.000000}
Evento{1717009914 - 8 - 3.000000}
Evento{1717009915 - 6 - 72.000000}
Evento{1717009915 - 6 - 72.000000}
Evento{1717009916 - 4 - 11.000000}
Evento{1717009916 - 4 - 11.000000}
Evento{1717009918 - 10 - 88.000000}
Evento{1717009918 - 3 - 39.000000}
Evento{1717009918 - 10 - 88.000000}
Evento{1717009918 - 3 - 39.000000}
Evento{1717009919 - 7 - 51.000000}
Evento{1717009919 - 7 - 51.000000}
Fuente{0 - F0 }
Fuente{1 - F1 }
Fuente{2 - F2 }
Fuente{3 - F3 }
Fuente{4 - F4 }
Fuente{5 - F5 }
Fuente{7 - F7 }
Fuente{8 - F8 }
Fuente{9 - F9 }
Tamaño37
Leyendo prueba-fuentes.fu
< 0;F0
< 1;F1
< 2;F2
< 3;F3
Leyendo prueba-fuentes_1.fu
< 4;F4
< 7;F7
< 5;F5
< 8;F8
Terminado prueba-fuentes.fu
< 9;F9
Terminado prueba-fuentes_1.fu
Leyendo prueba.ev
Fuentes leidas
Leyendo prueba1.ev
< 1717009900;5;12
< 1717009910;2;05
< 1717009901;9;76
< 1717009902;2;34
< 1717009903;8;91
< 1717009904;1;55
< 1717009911;9;63
< 1717009905;6;23
< 1717009906;4;68
< 1717009907;10;17
< 1717009912;5;28
< 1717009908;3;80
< 1717009913;1;99
< 1717009914;8;03
< 1717009915;6;72
< 1717009916;4;11
< 1717009909;7;49
< 1717009918;10;88
< 1717009918;3;39
< 1717009919;7;51
< 1717009910;2;05
< 1717009900;5;12
< 1717009901;9;76
< 1717009902;2;34
< 1717009903;8;91
< 1717009911;9;63
< 1717009904;1;55
< 1717009912;5;28
< 1717009905;6;23
< 1717009913;1;99
< ;4;68
< 1717009907;;17
< 1717009908;3;
< 1717009909;7;49
< 1717009914;8;03
Terminado prueba1.ev
< 1717009915;6;72
< 1717009916;4;11
< 1717009918;10;88
< 1717009918;3;39
< 1717009919;7;51
Terminado prueba.ev
Archivos leidos
> Fuente{0 - F0 }
> Fuente{1 - F1 }
> Fuente{2 - F2 }
> Fuente{3 - F3 }
> Fuente{4 - F4 }
> Fuente{7 - F7 }
> Fuente{5 - F5 }
> Fuente{8 - F8 }
> Fuente{9 - F9 }
ConsumidorFin
Evento{1717009900 - 5 - 12.000000}
Evento{1717009900 - 5 - 12.000000}
Evento{1717009901 - 9 - 76.000000}
Evento{1717009901 - 9 - 76.000000}
Evento{1717009902 - 2 - 34.000000}
Evento{1717009902 - 2 - 34.000000}
Evento{1717009903 - 8 - 91.000000}
Evento{1717009903 - 8 - 91.000000}
Evento{1717009904 - 1 - 55.000000}
Evento{1717009904 - 1 - 55.000000}
Evento{1717009905 - 6 - 23.000000}
Evento{1717009905 - 6 - 23.000000}
Evento{1717009906 - 4 - 68.000000}
Evento{1717009907 - 10 - 17.000000}
Evento{1717009908 - 3 - 80.000000}
Evento{1717009909 - 7 - 49.000000}
Evento{1717009909 - 7 - 49.000000}
Evento{1717009910 - 2 - 5.000000}
Evento{1717009910 - 2 - 5.000000}
Evento{1717009911 - 9 - 63.000000}
Evento{1717009911 - 9 - 63.000000}
Evento{1717009912 - 5 - 28.000000}
Evento{1717009912 - 5 - 28.000000}
Evento{1717009913 - 1 - 99.000000}
Evento{1717009913 - 1 - 99.000000}
Evento{1717009914 - 8 - 3.000000}
Evento{1717009914 - 8 - 3.000000}
Evento{1717009915 - 6 - 72.000000}
Evento{1717009915 - 6 - 72.000000}
Evento{1717009916 - 4 - 11.000000}
Evento{1717009916 - 4 - 11.000000}
Evento{1717009918 - 10 - 88.000000}
Evento{1717009918 - 3 - 39.000000}
Evento{1717009918 - 10 - 88.000000}
Evento{1717009918 - 3 - 39.000000}
Evento{1717009919 - 7 - 51.000000}
Evento{1717009919 - 7 - 51.000000}
Fuente{0 - F0 }
Fuente{1 - F1 }
Fuente{2 - F2 }
Fuente{3 - F3 }
Fuente{4 - F4 }
Fuente{7 - F7 }
Fuente{5 - F5 }
Fuente{8 - F8 }
Fuente{9 - F9 }
Leyendo prueba-fuentes.fu
< 0;F0
< 1;F1
< 2;F2
< 3;F3
< 4;F4
< 5;F5
Terminado prueba-fuentes.fu
Leyendo prueba-fuentes_1.fu
< 7;F7
< 8;F8
< 9;F9
Terminado prueba-fuentes_1.fu
Leyendo prueba1.ev
< 1717009910;2;05
Leyendo prueba.ev
Fuentes leidas
< 1717009911;9;63
< 1717009900;5;12
< 1717009901;9;76
< 1717009912;5;28
< 1717009902;2;34
< 1717009913;1;99
< 1717009903;8;91
< 1717009914;8;03
< 1717009904;1;55
< 1717009915;6;72
< 1717009905;6;23
< 1717009906;4;68
< 1717009916;4;11
< 1717009907;10;17
< 1717009908;3;80
< 1717009918;10;88
< 1717009918;3;39
< 1717009909;7;49
< 1717009919;7;51
< 1717009910;2;05
< 1717009900;5;12
< 1717009911;9;63
< 1717009901;9;76
< 1717009912;5;28
< 1717009913;1;99
< 1717009902;2;34
< 1717009914;8;03
< 1717009915;6;72
< 1717009916;4;11
< 1717009918;10;88
< 1717009918;3;39
< 1717009903;8;91
< 1717009919;7;51
< 1717009904;1;55
< 1717009905;6;23
< ;4;68
< 1717009907;;17
< 1717009908;3;
< 1717009909;7;49
Terminado prueba.ev
Terminado prueba1.ev
Archivos leidos
> Fuente{0 - F0 }
> Fuente{1 - F1 }
> Fuente{2 - F2 }
> Fuente{3 - F3 }
> Fuente{4 - F4 }
> Fuente{5 - F5 }
> Fuente{7 - F7 }
> Fuente{8 - F8 }
> Fuente{9 - F9 }
ConsumidorFin
Evento{1717009900 - 5 - 12.000000}
Evento{1717009900 - 5 - 12.000000}
Evento{1717009901 - 9 - 76.000000}
Evento{1717009901 - 9 - 76.000000}
Evento{1717009902 - 2 - 34.000000}
Evento{1717009902 - 2 - 34.000000}
Evento{1717009903 - 8 - 91.000000}
Evento{1717009903 - 8 - 91.000000}
Evento{1717009904 - 1 - 55.000000}
Evento{1717009904 - 1 - 55.000000}
Evento{1717009905 - 6 - 23.000000}
Evento{1717009905 - 6 - 23.000000}
Evento{1717009906 - 4 - 68.000000}
Evento{1717009907 - 10 - 17.000000}
Evento{1717009908 - 3 - 80.000000}
Evento{1717009909 - 7 - 49.000000}
Evento{1717009909 - 7 - 49.000000}
Evento{1717009910 - 2 - 5.000000}
Evento{1717009910 - 2 - 5.000000}
Evento{1717009911 - 9 - 63.000000}
Evento{1717009911 - 9 - 63.000000}
Evento{1717009912 - 5 - 28.000000}
Evento{1717009912 - 5 - 28.000000}
Evento{1717009913 - 1 - 99.000000}
Evento{1717009913 - 1 - 99.000000}
Evento{1717009914 - 8 - 3.000000}
Evento{1717009914 - 8 - 3.000000}
Evento{1717009915 - 6 - 72.000000}
Evento{1717009915 - 6 - 72.000000}
Evento{1717009916 - 4 - 11.000000}
Evento{1717009916 - 4 - 11.000000}
Evento{1717009918 - 10 - 88.000000}
Evento{1717009918 - 3 - 39.000000}
Evento{1717009918 - 10 - 88.000000}
Evento{1717009918 - 3 - 39.000000}
Evento{1717009919 - 7 - 51.000000}
Evento{1717009919 - 7 - 51.000000}
Fuente{0 - F0 }
Fuente{1 - F1 }
Fuente{2 - F2 }
Fuente{3 - F3 }
Fuente{4 - F4 }
Fuente{5 - F5 }
Fuente{7 - F7 }
Fuente{8 - F8 }
Fuente{9 - F9 }
Leyendo prueba-fuentes.fu
< 0;F0
< 1;F1
< 2;F2
< 3;F3
Leyendo prueba-fuentes_1.fu
< 4;F4
< 5;F5
Leyendo prueba1.ev
Terminado prueba-fuentes.fu
< 7;F7
< 8;F8
< 9;F9
< 1717009910;2;05
Terminado prueba-fuentes_1.fu
Leyendo prueba.ev
< 1717009911;9;63
< 1717009912;5;28
< 1717009913;1;99
< 1717009914;8;03
< 1717009915;6;72
< 1717009916;4;11
< 1717009918;10;88
< 1717009900;5;12
< 1717009901;9;76
< 1717009902;2;34
< 1717009903;8;91
< 1717009904;1;55
< 1717009905;6;23
< 1717009906;4;68
< 1717009907;10;17
< 1717009908;3;80
Fuentes leidas
< 1717009918;3;39
< 1717009909;7;49
< 1717009910;2;05
< 1717009919;7;51
< 1717009911;9;63
< 1717009912;5;28
< 1717009900;5;12
< 1717009901;9;76
< 1717009913;1;99
< 1717009902;2;34
< 1717009914;8;03
< 1717009915;6;72
< 1717009903;8;91
< 1717009904;1;55
< 1717009916;4;11
< 1717009905;6;23
< 1717009918;10;88
< ;4;68
< 1717009907;;17
< 1717009918;3;39
< 1717009908;3;
< 1717009909;7;49
< 1717009919;7;51
Terminado prueba.ev
Terminado prueba1.ev
Archivos leidos
> Fuente{0 - F0 }
> Fuente{1 - F1 }
> Fuente{2 - F2 }
> Fuente{3 - F3 }
> Fuente{4 - F4 }
> Fuente{5 - F5 }
> Fuente{7 - F7 }
> Fuente{8 - F8 }
> Fuente{9 - F9 }
ConsumidorFin
Evento{1717009900 - 5 - 12.000000}
Evento{1717009900 - 5 - 12.000000}
Evento{1717009901 - 9 - 76.000000}
Evento{1717009901 - 9 - 76.000000}
Evento{1717009902 - 2 - 34.000000}
Evento{1717009902 - 2 - 34.000000}
Evento{1717009903 - 8 - 91.000000}
Evento{1717009903 - 8 - 91.000000}
Evento{1717009904 - 1 - 55.000000}
Evento{1717009904 - 1 - 55.000000}
Evento{1717009905 - 6 - 23.000000}
Evento{1717009905 - 6 - 23.000000}
Evento{1717009906 - 4 - 68.000000}
Evento{1717009907 - 10 - 17.000000}
Evento{1717009908 - 3 - 80.000000}
Evento{1717009909 - 7 - 49.000000}
Evento{1717009909 - 7 - 49.000000}
Evento{1717009910 - 2 - 5.000000}
Evento{1717009910 - 2 - 5.000000}
Evento{1717009911 - 9 - 63.000000}
Evento{1717009911 - 9 - 63.000000}
Evento{1717009912 - 5 - 28.000000}
Evento{1717009912 - 5 - 28.000000}
Evento{1717009913 - 1 - 99.000000}
Evento{1717009913 - 1 - 99.000000}
Evento{1717009914 - 8 - 3.000000}
Evento{1717009914 - 8 - 3.000000}
Evento{1717009915 - 6 - 72.000000}
Evento{1717009915 - 6 - 72.000000}
Evento{1717009916 - 4 - 11.000000}
Evento{1717009916 - 4 - 11.000000}
Evento{1717009918 - 10 - 88.000000}
Evento{1717009918 - 3 - 39.000000}
Evento{1717009918 - 10 - 88.000000}
Evento{1717009918 - 3 - 39.000000}
Evento{1717009919 - 7 - 51.000000}
Evento{1717009919 - 7 - 51.000000}
Fuente{0 - F0 }
Fuente{1 - F1 }
Fuente{2 - F2 }
Fuente{3 - F3 }
Fuente{4 - F4 }
Fuente{5 - F5 }
Fuente{7 - F7 }
Fuente{8 - F8 }
Fuente{9 - F9 }
]]></system-out>
  <system-err><![CDATA[]]></system-err>
</testsuite>
